{"C:\\Users\\lopez\\OneDrive\\Escritorio\\proyecto\\API_VETASOFT\\vetasoft-bk\\src\\lib\\db.ts": {"path":"C:\\Users\\lopez\\OneDrive\\Escritorio\\proyecto\\API_VETASOFT\\vetasoft-bk\\src\\lib\\db.ts","statementMap":{"0":{"start":{"line":27,"column":0},"end":{"line":27,"column":7}},"1":{"start":{"line":5,"column":0},"end":{"line":5,"column":28}},"2":{"start":{"line":6,"column":0},"end":{"line":6,"column":24}},"3":{"start":{"line":9,"column":0},"end":{"line":9,"column":61}},"4":{"start":{"line":11,"column":0},"end":{"line":11,"column":48}},"5":{"start":{"line":13,"column":20},"end":{"line":13,"column":44}},"6":{"start":{"line":15,"column":0},"end":{"line":20,"column":1}},"7":{"start":{"line":16,"column":2},"end":{"line":16,"column":59}},"8":{"start":{"line":17,"column":2},"end":{"line":17,"column":59}},"9":{"start":{"line":18,"column":2},"end":{"line":18,"column":69}},"10":{"start":{"line":19,"column":2},"end":{"line":19,"column":18}},"11":{"start":{"line":22,"column":13},"end":{"line":22,"column":37}},"12":{"start":{"line":28,"column":2},"end":{"line":35,"column":3}},"13":{"start":{"line":29,"column":4},"end":{"line":29,"column":37}},"14":{"start":{"line":30,"column":4},"end":{"line":30,"column":57}},"15":{"start":{"line":31,"column":4},"end":{"line":31,"column":16}},"16":{"start":{"line":33,"column":4},"end":{"line":33,"column":67}},"17":{"start":{"line":34,"column":4},"end":{"line":34,"column":17}}},"fnMap":{"0":{"name":"checkDatabaseConnection","decl":{"start":{"line":27,"column":22},"end":{"line":27,"column":45}},"loc":{"start":{"line":27,"column":45},"end":{"line":36,"column":1}}}},"branchMap":{"0":{"loc":{"start":{"line":15,"column":0},"end":{"line":20,"column":1}},"type":"if","locations":[{"start":{"line":15,"column":0},"end":{"line":20,"column":1}},{"start":{},"end":{}}]}},"s":{"0":2,"1":2,"2":2,"3":2,"4":2,"5":2,"6":2,"7":0,"8":0,"9":0,"10":0,"11":2,"12":0,"13":0,"14":0,"15":0,"16":0,"17":0},"f":{"0":0},"b":{"0":[0,2]}}
,"C:\\Users\\lopez\\OneDrive\\Escritorio\\proyecto\\API_VETASOFT\\vetasoft-bk\\src\\middleware\\auth.middleware.ts": {"path":"C:\\Users\\lopez\\OneDrive\\Escritorio\\proyecto\\API_VETASOFT\\vetasoft-bk\\src\\middleware\\auth.middleware.ts","statementMap":{"0":{"start":{"line":20,"column":0},"end":{"line":20,"column":16}},"1":{"start":{"line":53,"column":0},"end":{"line":53,"column":16}},"2":{"start":{"line":6,"column":0},"end":{"line":6,"column":59}},"3":{"start":{"line":25,"column":21},"end":{"line":25,"column":46}},"4":{"start":{"line":27,"column":2},"end":{"line":33,"column":3}},"5":{"start":{"line":28,"column":4},"end":{"line":31,"column":7}},"6":{"start":{"line":32,"column":4},"end":{"line":32,"column":11}},"7":{"start":{"line":35,"column":16},"end":{"line":35,"column":39}},"8":{"start":{"line":36,"column":18},"end":{"line":36,"column":44}},"9":{"start":{"line":38,"column":2},"end":{"line":44,"column":3}},"10":{"start":{"line":39,"column":4},"end":{"line":42,"column":7}},"11":{"start":{"line":43,"column":4},"end":{"line":43,"column":11}},"12":{"start":{"line":46,"column":2},"end":{"line":46,"column":21}},"13":{"start":{"line":47,"column":2},"end":{"line":47,"column":9}},"14":{"start":{"line":54,"column":2},"end":{"line":69,"column":4}},"15":{"start":{"line":55,"column":4},"end":{"line":58,"column":5}},"16":{"start":{"line":56,"column":6},"end":{"line":56,"column":71}},"17":{"start":{"line":57,"column":6},"end":{"line":57,"column":13}},"18":{"start":{"line":60,"column":4},"end":{"line":66,"column":5}},"19":{"start":{"line":61,"column":6},"end":{"line":64,"column":9}},"20":{"start":{"line":65,"column":6},"end":{"line":65,"column":13}},"21":{"start":{"line":68,"column":4},"end":{"line":68,"column":11}}},"fnMap":{"0":{"name":"authMiddleware","decl":{"start":{"line":20,"column":16},"end":{"line":20,"column":30}},"loc":{"start":{"line":23,"column":20},"end":{"line":48,"column":1}}},"1":{"name":"roleMiddleware","decl":{"start":{"line":53,"column":16},"end":{"line":53,"column":30}},"loc":{"start":{"line":53,"column":53},"end":{"line":70,"column":1}}},"2":{"name":"(anonymous_2)","decl":{"start":{"line":54,"column":9},"end":{"line":54,"column":10}},"loc":{"start":{"line":54,"column":61},"end":{"line":69,"column":3}}}},"branchMap":{"0":{"loc":{"start":{"line":27,"column":2},"end":{"line":33,"column":3}},"type":"if","locations":[{"start":{"line":27,"column":2},"end":{"line":33,"column":3}},{"start":{},"end":{}}]},"1":{"loc":{"start":{"line":27,"column":6},"end":{"line":27,"column":54}},"type":"binary-expr","locations":[{"start":{"line":27,"column":6},"end":{"line":27,"column":17}},{"start":{"line":27,"column":21},"end":{"line":27,"column":54}}]},"2":{"loc":{"start":{"line":38,"column":2},"end":{"line":44,"column":3}},"type":"if","locations":[{"start":{"line":38,"column":2},"end":{"line":44,"column":3}},{"start":{},"end":{}}]},"3":{"loc":{"start":{"line":55,"column":4},"end":{"line":58,"column":5}},"type":"if","locations":[{"start":{"line":55,"column":4},"end":{"line":58,"column":5}},{"start":{},"end":{}}]},"4":{"loc":{"start":{"line":60,"column":4},"end":{"line":66,"column":5}},"type":"if","locations":[{"start":{"line":60,"column":4},"end":{"line":66,"column":5}},{"start":{},"end":{}}]}},"s":{"0":0,"1":0,"2":0,"3":0,"4":0,"5":0,"6":0,"7":0,"8":0,"9":0,"10":0,"11":0,"12":0,"13":0,"14":0,"15":0,"16":0,"17":0,"18":0,"19":0,"20":0,"21":0},"f":{"0":0,"1":0,"2":0},"b":{"0":[0,0],"1":[0,0],"2":[0,0],"3":[0,0],"4":[0,0]}}
,"C:\\Users\\lopez\\OneDrive\\Escritorio\\proyecto\\API_VETASOFT\\vetasoft-bk\\src\\routes\\animales.routes.ts": {"path":"C:\\Users\\lopez\\OneDrive\\Escritorio\\proyecto\\API_VETASOFT\\vetasoft-bk\\src\\routes\\animales.routes.ts","statementMap":{"0":{"start":{"line":5,"column":0},"end":{"line":5,"column":52}},"1":{"start":{"line":6,"column":0},"end":{"line":6,"column":66}},"2":{"start":{"line":7,"column":0},"end":{"line":7,"column":66}},"3":{"start":{"line":9,"column":15},"end":{"line":9,"column":23}},"4":{"start":{"line":14,"column":0},"end":{"line":28,"column":3}},"5":{"start":{"line":15,"column":2},"end":{"line":27,"column":3}},"6":{"start":{"line":16,"column":35},"end":{"line":16,"column":44}},"7":{"start":{"line":17,"column":21},"end":{"line":20,"column":6}},"8":{"start":{"line":21,"column":4},"end":{"line":21,"column":48}},"9":{"start":{"line":23,"column":4},"end":{"line":23,"column":55}},"10":{"start":{"line":24,"column":4},"end":{"line":26,"column":68}},"11":{"start":{"line":33,"column":0},"end":{"line":41,"column":3}},"12":{"start":{"line":34,"column":2},"end":{"line":40,"column":3}},"13":{"start":{"line":35,"column":21},"end":{"line":35,"column":63}},"14":{"start":{"line":36,"column":4},"end":{"line":36,"column":48}},"15":{"start":{"line":38,"column":4},"end":{"line":38,"column":55}},"16":{"start":{"line":39,"column":4},"end":{"line":39,"column":81}},"17":{"start":{"line":46,"column":0},"end":{"line":58,"column":3}},"18":{"start":{"line":47,"column":2},"end":{"line":57,"column":3}},"19":{"start":{"line":48,"column":19},"end":{"line":48,"column":64}},"20":{"start":{"line":49,"column":4},"end":{"line":52,"column":5}},"21":{"start":{"line":50,"column":6},"end":{"line":50,"column":78}},"22":{"start":{"line":51,"column":6},"end":{"line":51,"column":13}},"23":{"start":{"line":53,"column":4},"end":{"line":53,"column":46}},"24":{"start":{"line":55,"column":4},"end":{"line":55,"column":53}},"25":{"start":{"line":56,"column":4},"end":{"line":56,"column":79}},"26":{"start":{"line":63,"column":0},"end":{"line":71,"column":3}},"27":{"start":{"line":64,"column":2},"end":{"line":70,"column":3}},"28":{"start":{"line":65,"column":19},"end":{"line":65,"column":57}},"29":{"start":{"line":66,"column":4},"end":{"line":66,"column":58}},"30":{"start":{"line":68,"column":4},"end":{"line":68,"column":50}},"31":{"start":{"line":69,"column":4},"end":{"line":69,"column":77}},"32":{"start":{"line":76,"column":0},"end":{"line":90,"column":3}},"33":{"start":{"line":77,"column":2},"end":{"line":89,"column":3}},"34":{"start":{"line":78,"column":19},"end":{"line":78,"column":72}},"35":{"start":{"line":79,"column":4},"end":{"line":82,"column":5}},"36":{"start":{"line":80,"column":6},"end":{"line":80,"column":78}},"37":{"start":{"line":81,"column":6},"end":{"line":81,"column":13}},"38":{"start":{"line":83,"column":4},"end":{"line":83,"column":46}},"39":{"start":{"line":85,"column":4},"end":{"line":85,"column":55}},"40":{"start":{"line":86,"column":4},"end":{"line":88,"column":69}},"41":{"start":{"line":95,"column":0},"end":{"line":107,"column":3}},"42":{"start":{"line":96,"column":2},"end":{"line":106,"column":3}},"43":{"start":{"line":97,"column":19},"end":{"line":97,"column":62}},"44":{"start":{"line":98,"column":4},"end":{"line":101,"column":5}},"45":{"start":{"line":99,"column":6},"end":{"line":99,"column":78}},"46":{"start":{"line":100,"column":6},"end":{"line":100,"column":13}},"47":{"start":{"line":102,"column":4},"end":{"line":102,"column":77}},"48":{"start":{"line":104,"column":4},"end":{"line":104,"column":53}},"49":{"start":{"line":105,"column":4},"end":{"line":105,"column":80}},"50":{"start":{"line":109,"column":0},"end":{"line":109,"column":22}}},"fnMap":{"0":{"name":"(anonymous_0)","decl":{"start":{"line":14,"column":32},"end":{"line":14,"column":37}},"loc":{"start":{"line":14,"column":70},"end":{"line":28,"column":1}}},"1":{"name":"(anonymous_1)","decl":{"start":{"line":33,"column":40},"end":{"line":33,"column":45}},"loc":{"start":{"line":33,"column":78},"end":{"line":41,"column":1}}},"2":{"name":"(anonymous_2)","decl":{"start":{"line":46,"column":35},"end":{"line":46,"column":40}},"loc":{"start":{"line":46,"column":73},"end":{"line":58,"column":1}}},"3":{"name":"(anonymous_3)","decl":{"start":{"line":63,"column":33},"end":{"line":63,"column":38}},"loc":{"start":{"line":63,"column":71},"end":{"line":71,"column":1}}},"4":{"name":"(anonymous_4)","decl":{"start":{"line":76,"column":35},"end":{"line":76,"column":40}},"loc":{"start":{"line":76,"column":73},"end":{"line":90,"column":1}}},"5":{"name":"(anonymous_5)","decl":{"start":{"line":95,"column":38},"end":{"line":95,"column":43}},"loc":{"start":{"line":95,"column":76},"end":{"line":107,"column":1}}}},"branchMap":{"0":{"loc":{"start":{"line":18,"column":18},"end":{"line":18,"column":56}},"type":"cond-expr","locations":[{"start":{"line":18,"column":31},"end":{"line":18,"column":49}},{"start":{"line":18,"column":52},"end":{"line":18,"column":56}}]},"1":{"loc":{"start":{"line":19,"column":15},"end":{"line":19,"column":40}},"type":"binary-expr","locations":[{"start":{"line":19,"column":15},"end":{"line":19,"column":32}},{"start":{"line":19,"column":36},"end":{"line":19,"column":40}}]},"2":{"loc":{"start":{"line":49,"column":4},"end":{"line":52,"column":5}},"type":"if","locations":[{"start":{"line":49,"column":4},"end":{"line":52,"column":5}},{"start":{},"end":{}}]},"3":{"loc":{"start":{"line":79,"column":4},"end":{"line":82,"column":5}},"type":"if","locations":[{"start":{"line":79,"column":4},"end":{"line":82,"column":5}},{"start":{},"end":{}}]},"4":{"loc":{"start":{"line":98,"column":4},"end":{"line":101,"column":5}},"type":"if","locations":[{"start":{"line":98,"column":4},"end":{"line":101,"column":5}},{"start":{},"end":{}}]}},"s":{"0":0,"1":0,"2":0,"3":0,"4":0,"5":0,"6":0,"7":0,"8":0,"9":0,"10":0,"11":0,"12":0,"13":0,"14":0,"15":0,"16":0,"17":0,"18":0,"19":0,"20":0,"21":0,"22":0,"23":0,"24":0,"25":0,"26":0,"27":0,"28":0,"29":0,"30":0,"31":0,"32":0,"33":0,"34":0,"35":0,"36":0,"37":0,"38":0,"39":0,"40":0,"41":0,"42":0,"43":0,"44":0,"45":0,"46":0,"47":0,"48":0,"49":0,"50":0},"f":{"0":0,"1":0,"2":0,"3":0,"4":0,"5":0},"b":{"0":[0,0],"1":[0,0],"2":[0,0],"3":[0,0],"4":[0,0]}}
,"C:\\Users\\lopez\\OneDrive\\Escritorio\\proyecto\\API_VETASOFT\\vetasoft-bk\\src\\routes\\auth.routes.ts": {"path":"C:\\Users\\lopez\\OneDrive\\Escritorio\\proyecto\\API_VETASOFT\\vetasoft-bk\\src\\routes\\auth.routes.ts","statementMap":{"0":{"start":{"line":5,"column":0},"end":{"line":5,"column":52}},"1":{"start":{"line":6,"column":0},"end":{"line":6,"column":58}},"2":{"start":{"line":8,"column":15},"end":{"line":8,"column":23}},"3":{"start":{"line":13,"column":0},"end":{"line":40,"column":3}},"4":{"start":{"line":14,"column":2},"end":{"line":39,"column":3}},"5":{"start":{"line":15,"column":35},"end":{"line":15,"column":43}},"6":{"start":{"line":17,"column":4},"end":{"line":23,"column":5}},"7":{"start":{"line":18,"column":6},"end":{"line":21,"column":9}},"8":{"start":{"line":22,"column":6},"end":{"line":22,"column":13}},"9":{"start":{"line":25,"column":19},"end":{"line":25,"column":62}},"10":{"start":{"line":27,"column":4},"end":{"line":30,"column":5}},"11":{"start":{"line":28,"column":6},"end":{"line":28,"column":35}},"12":{"start":{"line":29,"column":6},"end":{"line":29,"column":13}},"13":{"start":{"line":32,"column":4},"end":{"line":32,"column":21}},"14":{"start":{"line":34,"column":4},"end":{"line":34,"column":44}},"15":{"start":{"line":35,"column":4},"end":{"line":38,"column":7}},"16":{"start":{"line":45,"column":0},"end":{"line":77,"column":3}},"17":{"start":{"line":46,"column":2},"end":{"line":76,"column":3}},"18":{"start":{"line":47,"column":51},"end":{"line":47,"column":59}},"19":{"start":{"line":49,"column":4},"end":{"line":55,"column":5}},"20":{"start":{"line":50,"column":6},"end":{"line":53,"column":9}},"21":{"start":{"line":54,"column":6},"end":{"line":54,"column":13}},"22":{"start":{"line":57,"column":19},"end":{"line":62,"column":6}},"23":{"start":{"line":64,"column":4},"end":{"line":67,"column":5}},"24":{"start":{"line":65,"column":6},"end":{"line":65,"column":35}},"25":{"start":{"line":66,"column":6},"end":{"line":66,"column":13}},"26":{"start":{"line":69,"column":4},"end":{"line":69,"column":33}},"27":{"start":{"line":71,"column":4},"end":{"line":71,"column":47}},"28":{"start":{"line":72,"column":4},"end":{"line":75,"column":7}},"29":{"start":{"line":82,"column":0},"end":{"line":103,"column":3}},"30":{"start":{"line":83,"column":2},"end":{"line":102,"column":3}},"31":{"start":{"line":84,"column":22},"end":{"line":84,"column":30}},"32":{"start":{"line":86,"column":4},"end":{"line":92,"column":5}},"33":{"start":{"line":87,"column":6},"end":{"line":90,"column":9}},"34":{"start":{"line":91,"column":6},"end":{"line":91,"column":13}},"35":{"start":{"line":94,"column":19},"end":{"line":94,"column":55}},"36":{"start":{"line":95,"column":4},"end":{"line":95,"column":21}},"37":{"start":{"line":97,"column":4},"end":{"line":97,"column":45}},"38":{"start":{"line":98,"column":4},"end":{"line":101,"column":7}},"39":{"start":{"line":105,"column":0},"end":{"line":105,"column":22}}},"fnMap":{"0":{"name":"(anonymous_0)","decl":{"start":{"line":13,"column":22},"end":{"line":13,"column":27}},"loc":{"start":{"line":13,"column":60},"end":{"line":40,"column":1}}},"1":{"name":"(anonymous_1)","decl":{"start":{"line":45,"column":25},"end":{"line":45,"column":30}},"loc":{"start":{"line":45,"column":63},"end":{"line":77,"column":1}}},"2":{"name":"(anonymous_2)","decl":{"start":{"line":82,"column":23},"end":{"line":82,"column":28}},"loc":{"start":{"line":82,"column":61},"end":{"line":103,"column":1}}}},"branchMap":{"0":{"loc":{"start":{"line":17,"column":4},"end":{"line":23,"column":5}},"type":"if","locations":[{"start":{"line":17,"column":4},"end":{"line":23,"column":5}},{"start":{},"end":{}}]},"1":{"loc":{"start":{"line":17,"column":8},"end":{"line":17,"column":30}},"type":"binary-expr","locations":[{"start":{"line":17,"column":8},"end":{"line":17,"column":15}},{"start":{"line":17,"column":19},"end":{"line":17,"column":30}}]},"2":{"loc":{"start":{"line":27,"column":4},"end":{"line":30,"column":5}},"type":"if","locations":[{"start":{"line":27,"column":4},"end":{"line":30,"column":5}},{"start":{},"end":{}}]},"3":{"loc":{"start":{"line":49,"column":4},"end":{"line":55,"column":5}},"type":"if","locations":[{"start":{"line":49,"column":4},"end":{"line":55,"column":5}},{"start":{},"end":{}}]},"4":{"loc":{"start":{"line":49,"column":8},"end":{"line":49,"column":41}},"type":"binary-expr","locations":[{"start":{"line":49,"column":8},"end":{"line":49,"column":15}},{"start":{"line":49,"column":19},"end":{"line":49,"column":26}},{"start":{"line":49,"column":30},"end":{"line":49,"column":41}}]},"5":{"loc":{"start":{"line":64,"column":4},"end":{"line":67,"column":5}},"type":"if","locations":[{"start":{"line":64,"column":4},"end":{"line":67,"column":5}},{"start":{},"end":{}}]},"6":{"loc":{"start":{"line":86,"column":4},"end":{"line":92,"column":5}},"type":"if","locations":[{"start":{"line":86,"column":4},"end":{"line":92,"column":5}},{"start":{},"end":{}}]}},"s":{"0":0,"1":0,"2":0,"3":0,"4":0,"5":0,"6":0,"7":0,"8":0,"9":0,"10":0,"11":0,"12":0,"13":0,"14":0,"15":0,"16":0,"17":0,"18":0,"19":0,"20":0,"21":0,"22":0,"23":0,"24":0,"25":0,"26":0,"27":0,"28":0,"29":0,"30":0,"31":0,"32":0,"33":0,"34":0,"35":0,"36":0,"37":0,"38":0,"39":0},"f":{"0":0,"1":0,"2":0},"b":{"0":[0,0],"1":[0,0],"2":[0,0],"3":[0,0],"4":[0,0,0],"5":[0,0],"6":[0,0]}}
,"C:\\Users\\lopez\\OneDrive\\Escritorio\\proyecto\\API_VETASOFT\\vetasoft-bk\\src\\routes\\campanas.routes.ts": {"path":"C:\\Users\\lopez\\OneDrive\\Escritorio\\proyecto\\API_VETASOFT\\vetasoft-bk\\src\\routes\\campanas.routes.ts","statementMap":{"0":{"start":{"line":5,"column":0},"end":{"line":5,"column":52}},"1":{"start":{"line":6,"column":0},"end":{"line":6,"column":66}},"2":{"start":{"line":7,"column":0},"end":{"line":7,"column":66}},"3":{"start":{"line":9,"column":15},"end":{"line":9,"column":23}},"4":{"start":{"line":11,"column":0},"end":{"line":21,"column":3}},"5":{"start":{"line":12,"column":2},"end":{"line":20,"column":3}},"6":{"start":{"line":13,"column":23},"end":{"line":13,"column":32}},"7":{"start":{"line":14,"column":21},"end":{"line":14,"column":78}},"8":{"start":{"line":15,"column":4},"end":{"line":15,"column":48}},"9":{"start":{"line":17,"column":4},"end":{"line":19,"column":68}},"10":{"start":{"line":23,"column":0},"end":{"line":30,"column":3}},"11":{"start":{"line":24,"column":2},"end":{"line":29,"column":3}},"12":{"start":{"line":25,"column":20},"end":{"line":25,"column":65}},"13":{"start":{"line":26,"column":4},"end":{"line":26,"column":47}},"14":{"start":{"line":28,"column":4},"end":{"line":28,"column":80}},"15":{"start":{"line":32,"column":0},"end":{"line":39,"column":3}},"16":{"start":{"line":33,"column":2},"end":{"line":38,"column":3}},"17":{"start":{"line":34,"column":20},"end":{"line":34,"column":58}},"18":{"start":{"line":35,"column":4},"end":{"line":35,"column":59}},"19":{"start":{"line":37,"column":4},"end":{"line":37,"column":78}},"20":{"start":{"line":41,"column":0},"end":{"line":50,"column":3}},"21":{"start":{"line":42,"column":2},"end":{"line":49,"column":3}},"22":{"start":{"line":43,"column":20},"end":{"line":43,"column":73}},"23":{"start":{"line":44,"column":4},"end":{"line":44,"column":47}},"24":{"start":{"line":46,"column":4},"end":{"line":48,"column":70}},"25":{"start":{"line":52,"column":0},"end":{"line":61,"column":3}},"26":{"start":{"line":53,"column":2},"end":{"line":60,"column":3}},"27":{"start":{"line":54,"column":20},"end":{"line":54,"column":63}},"28":{"start":{"line":55,"column":4},"end":{"line":55,"column":79}},"29":{"start":{"line":57,"column":4},"end":{"line":59,"column":68}},"30":{"start":{"line":63,"column":0},"end":{"line":63,"column":22}}},"fnMap":{"0":{"name":"(anonymous_0)","decl":{"start":{"line":11,"column":32},"end":{"line":11,"column":37}},"loc":{"start":{"line":11,"column":70},"end":{"line":21,"column":1}}},"1":{"name":"(anonymous_1)","decl":{"start":{"line":23,"column":35},"end":{"line":23,"column":40}},"loc":{"start":{"line":23,"column":73},"end":{"line":30,"column":1}}},"2":{"name":"(anonymous_2)","decl":{"start":{"line":32,"column":33},"end":{"line":32,"column":38}},"loc":{"start":{"line":32,"column":71},"end":{"line":39,"column":1}}},"3":{"name":"(anonymous_3)","decl":{"start":{"line":41,"column":35},"end":{"line":41,"column":40}},"loc":{"start":{"line":41,"column":73},"end":{"line":50,"column":1}}},"4":{"name":"(anonymous_4)","decl":{"start":{"line":52,"column":38},"end":{"line":52,"column":43}},"loc":{"start":{"line":52,"column":76},"end":{"line":61,"column":1}}}},"branchMap":{"0":{"loc":{"start":{"line":14,"column":52},"end":{"line":14,"column":77}},"type":"binary-expr","locations":[{"start":{"line":14,"column":52},"end":{"line":14,"column":69}},{"start":{"line":14,"column":73},"end":{"line":14,"column":77}}]}},"s":{"0":0,"1":0,"2":0,"3":0,"4":0,"5":0,"6":0,"7":0,"8":0,"9":0,"10":0,"11":0,"12":0,"13":0,"14":0,"15":0,"16":0,"17":0,"18":0,"19":0,"20":0,"21":0,"22":0,"23":0,"24":0,"25":0,"26":0,"27":0,"28":0,"29":0,"30":0},"f":{"0":0,"1":0,"2":0,"3":0,"4":0},"b":{"0":[0,0]}}
,"C:\\Users\\lopez\\OneDrive\\Escritorio\\proyecto\\API_VETASOFT\\vetasoft-bk\\src\\routes\\catalogos.routes.ts": {"path":"C:\\Users\\lopez\\OneDrive\\Escritorio\\proyecto\\API_VETASOFT\\vetasoft-bk\\src\\routes\\catalogos.routes.ts","statementMap":{"0":{"start":{"line":6,"column":0},"end":{"line":6,"column":52}},"1":{"start":{"line":7,"column":0},"end":{"line":7,"column":60}},"2":{"start":{"line":8,"column":0},"end":{"line":8,"column":73}},"3":{"start":{"line":9,"column":0},"end":{"line":9,"column":81}},"4":{"start":{"line":10,"column":0},"end":{"line":10,"column":75}},"5":{"start":{"line":11,"column":0},"end":{"line":11,"column":66}},"6":{"start":{"line":13,"column":15},"end":{"line":13,"column":23}},"7":{"start":{"line":16,"column":0},"end":{"line":23,"column":3}},"8":{"start":{"line":17,"column":2},"end":{"line":22,"column":3}},"9":{"start":{"line":18,"column":18},"end":{"line":18,"column":46}},"10":{"start":{"line":19,"column":4},"end":{"line":19,"column":45}},"11":{"start":{"line":21,"column":4},"end":{"line":21,"column":78}},"12":{"start":{"line":25,"column":0},"end":{"line":36,"column":2}},"13":{"start":{"line":29,"column":4},"end":{"line":34,"column":5}},"14":{"start":{"line":30,"column":19},"end":{"line":30,"column":69}},"15":{"start":{"line":31,"column":6},"end":{"line":31,"column":46}},"16":{"start":{"line":33,"column":6},"end":{"line":33,"column":78}},"17":{"start":{"line":39,"column":0},"end":{"line":55,"column":2}},"18":{"start":{"line":43,"column":4},"end":{"line":53,"column":5}},"19":{"start":{"line":44,"column":25},"end":{"line":44,"column":34}},"20":{"start":{"line":45,"column":22},"end":{"line":47,"column":8}},"21":{"start":{"line":48,"column":6},"end":{"line":48,"column":49}},"22":{"start":{"line":50,"column":6},"end":{"line":52,"column":78}},"23":{"start":{"line":58,"column":0},"end":{"line":71,"column":2}},"24":{"start":{"line":62,"column":4},"end":{"line":69,"column":5}},"25":{"start":{"line":63,"column":21},"end":{"line":63,"column":77}},"26":{"start":{"line":64,"column":6},"end":{"line":64,"column":48}},"27":{"start":{"line":66,"column":6},"end":{"line":68,"column":77}},"28":{"start":{"line":76,"column":0},"end":{"line":95,"column":2}},"29":{"start":{"line":80,"column":4},"end":{"line":93,"column":5}},"30":{"start":{"line":81,"column":25},"end":{"line":81,"column":34}},"31":{"start":{"line":82,"column":22},"end":{"line":84,"column":8}},"32":{"start":{"line":85,"column":6},"end":{"line":85,"column":49}},"33":{"start":{"line":87,"column":6},"end":{"line":92,"column":11}},"34":{"start":{"line":98,"column":0},"end":{"line":114,"column":2}},"35":{"start":{"line":102,"column":4},"end":{"line":112,"column":5}},"36":{"start":{"line":103,"column":21},"end":{"line":103,"column":81}},"37":{"start":{"line":104,"column":6},"end":{"line":104,"column":48}},"38":{"start":{"line":106,"column":6},"end":{"line":111,"column":11}},"39":{"start":{"line":117,"column":0},"end":{"line":130,"column":2}},"40":{"start":{"line":121,"column":4},"end":{"line":128,"column":5}},"41":{"start":{"line":122,"column":20},"end":{"line":122,"column":55}},"42":{"start":{"line":123,"column":6},"end":{"line":123,"column":47}},"43":{"start":{"line":125,"column":6},"end":{"line":127,"column":79}},"44":{"start":{"line":132,"column":0},"end":{"line":145,"column":2}},"45":{"start":{"line":136,"column":4},"end":{"line":143,"column":5}},"46":{"start":{"line":137,"column":19},"end":{"line":137,"column":76}},"47":{"start":{"line":138,"column":6},"end":{"line":138,"column":46}},"48":{"start":{"line":140,"column":6},"end":{"line":142,"column":78}},"49":{"start":{"line":147,"column":0},"end":{"line":147,"column":22}}},"fnMap":{"0":{"name":"(anonymous_0)","decl":{"start":{"line":16,"column":37},"end":{"line":16,"column":42}},"loc":{"start":{"line":16,"column":75},"end":{"line":23,"column":1}}},"1":{"name":"(anonymous_1)","decl":{"start":{"line":28,"column":2},"end":{"line":28,"column":7}},"loc":{"start":{"line":28,"column":40},"end":{"line":35,"column":3}}},"2":{"name":"(anonymous_2)","decl":{"start":{"line":42,"column":2},"end":{"line":42,"column":7}},"loc":{"start":{"line":42,"column":40},"end":{"line":54,"column":3}}},"3":{"name":"(anonymous_3)","decl":{"start":{"line":61,"column":2},"end":{"line":61,"column":7}},"loc":{"start":{"line":61,"column":40},"end":{"line":70,"column":3}}},"4":{"name":"(anonymous_4)","decl":{"start":{"line":79,"column":2},"end":{"line":79,"column":7}},"loc":{"start":{"line":79,"column":40},"end":{"line":94,"column":3}}},"5":{"name":"(anonymous_5)","decl":{"start":{"line":101,"column":2},"end":{"line":101,"column":7}},"loc":{"start":{"line":101,"column":40},"end":{"line":113,"column":3}}},"6":{"name":"(anonymous_6)","decl":{"start":{"line":120,"column":2},"end":{"line":120,"column":7}},"loc":{"start":{"line":120,"column":40},"end":{"line":129,"column":3}}},"7":{"name":"(anonymous_7)","decl":{"start":{"line":135,"column":2},"end":{"line":135,"column":7}},"loc":{"start":{"line":135,"column":40},"end":{"line":144,"column":3}}}},"branchMap":{"0":{"loc":{"start":{"line":46,"column":16},"end":{"line":46,"column":63}},"type":"cond-expr","locations":[{"start":{"line":46,"column":39},"end":{"line":46,"column":56}},{"start":{"line":46,"column":59},"end":{"line":46,"column":63}}]},"1":{"loc":{"start":{"line":83,"column":16},"end":{"line":83,"column":63}},"type":"cond-expr","locations":[{"start":{"line":83,"column":39},"end":{"line":83,"column":56}},{"start":{"line":83,"column":59},"end":{"line":83,"column":63}}]}},"s":{"0":0,"1":0,"2":0,"3":0,"4":0,"5":0,"6":0,"7":0,"8":0,"9":0,"10":0,"11":0,"12":0,"13":0,"14":0,"15":0,"16":0,"17":0,"18":0,"19":0,"20":0,"21":0,"22":0,"23":0,"24":0,"25":0,"26":0,"27":0,"28":0,"29":0,"30":0,"31":0,"32":0,"33":0,"34":0,"35":0,"36":0,"37":0,"38":0,"39":0,"40":0,"41":0,"42":0,"43":0,"44":0,"45":0,"46":0,"47":0,"48":0,"49":0},"f":{"0":0,"1":0,"2":0,"3":0,"4":0,"5":0,"6":0,"7":0},"b":{"0":[0,0],"1":[0,0]}}
,"C:\\Users\\lopez\\OneDrive\\Escritorio\\proyecto\\API_VETASOFT\\vetasoft-bk\\src\\routes\\citas.routes.ts": {"path":"C:\\Users\\lopez\\OneDrive\\Escritorio\\proyecto\\API_VETASOFT\\vetasoft-bk\\src\\routes\\citas.routes.ts","statementMap":{"0":{"start":{"line":5,"column":0},"end":{"line":5,"column":52}},"1":{"start":{"line":6,"column":0},"end":{"line":6,"column":60}},"2":{"start":{"line":7,"column":0},"end":{"line":7,"column":66}},"3":{"start":{"line":9,"column":15},"end":{"line":9,"column":23}},"4":{"start":{"line":14,"column":0},"end":{"line":29,"column":3}},"5":{"start":{"line":15,"column":2},"end":{"line":28,"column":3}},"6":{"start":{"line":16,"column":79},"end":{"line":16,"column":88}},"7":{"start":{"line":17,"column":18},"end":{"line":23,"column":6}},"8":{"start":{"line":24,"column":4},"end":{"line":24,"column":45}},"9":{"start":{"line":26,"column":4},"end":{"line":26,"column":52}},"10":{"start":{"line":27,"column":4},"end":{"line":27,"column":78}},"11":{"start":{"line":34,"column":0},"end":{"line":46,"column":3}},"12":{"start":{"line":35,"column":2},"end":{"line":45,"column":3}},"13":{"start":{"line":36,"column":17},"end":{"line":36,"column":67}},"14":{"start":{"line":37,"column":4},"end":{"line":40,"column":5}},"15":{"start":{"line":38,"column":6},"end":{"line":38,"column":76}},"16":{"start":{"line":39,"column":6},"end":{"line":39,"column":13}},"17":{"start":{"line":41,"column":4},"end":{"line":41,"column":44}},"18":{"start":{"line":43,"column":4},"end":{"line":43,"column":51}},"19":{"start":{"line":44,"column":4},"end":{"line":44,"column":77}},"20":{"start":{"line":51,"column":0},"end":{"line":59,"column":3}},"21":{"start":{"line":52,"column":2},"end":{"line":58,"column":3}},"22":{"start":{"line":53,"column":17},"end":{"line":53,"column":52}},"23":{"start":{"line":54,"column":4},"end":{"line":54,"column":56}},"24":{"start":{"line":56,"column":4},"end":{"line":56,"column":48}},"25":{"start":{"line":57,"column":4},"end":{"line":57,"column":75}},"26":{"start":{"line":64,"column":0},"end":{"line":76,"column":3}},"27":{"start":{"line":65,"column":2},"end":{"line":75,"column":3}},"28":{"start":{"line":66,"column":17},"end":{"line":66,"column":75}},"29":{"start":{"line":67,"column":4},"end":{"line":70,"column":5}},"30":{"start":{"line":68,"column":6},"end":{"line":68,"column":76}},"31":{"start":{"line":69,"column":6},"end":{"line":69,"column":13}},"32":{"start":{"line":71,"column":4},"end":{"line":71,"column":44}},"33":{"start":{"line":73,"column":4},"end":{"line":73,"column":53}},"34":{"start":{"line":74,"column":4},"end":{"line":74,"column":80}},"35":{"start":{"line":81,"column":0},"end":{"line":93,"column":3}},"36":{"start":{"line":82,"column":2},"end":{"line":92,"column":3}},"37":{"start":{"line":83,"column":17},"end":{"line":83,"column":65}},"38":{"start":{"line":84,"column":4},"end":{"line":87,"column":5}},"39":{"start":{"line":85,"column":6},"end":{"line":85,"column":76}},"40":{"start":{"line":86,"column":6},"end":{"line":86,"column":13}},"41":{"start":{"line":88,"column":4},"end":{"line":88,"column":71}},"42":{"start":{"line":90,"column":4},"end":{"line":90,"column":51}},"43":{"start":{"line":91,"column":4},"end":{"line":91,"column":78}},"44":{"start":{"line":95,"column":0},"end":{"line":103,"column":3}},"45":{"start":{"line":96,"column":2},"end":{"line":102,"column":3}},"46":{"start":{"line":97,"column":18},"end":{"line":97,"column":71}},"47":{"start":{"line":98,"column":4},"end":{"line":98,"column":45}},"48":{"start":{"line":100,"column":4},"end":{"line":100,"column":59}},"49":{"start":{"line":101,"column":4},"end":{"line":101,"column":85}},"50":{"start":{"line":105,"column":0},"end":{"line":105,"column":22}}},"fnMap":{"0":{"name":"(anonymous_0)","decl":{"start":{"line":14,"column":32},"end":{"line":14,"column":37}},"loc":{"start":{"line":14,"column":70},"end":{"line":29,"column":1}}},"1":{"name":"(anonymous_1)","decl":{"start":{"line":34,"column":35},"end":{"line":34,"column":40}},"loc":{"start":{"line":34,"column":73},"end":{"line":46,"column":1}}},"2":{"name":"(anonymous_2)","decl":{"start":{"line":51,"column":33},"end":{"line":51,"column":38}},"loc":{"start":{"line":51,"column":71},"end":{"line":59,"column":1}}},"3":{"name":"(anonymous_3)","decl":{"start":{"line":64,"column":35},"end":{"line":64,"column":40}},"loc":{"start":{"line":64,"column":73},"end":{"line":76,"column":1}}},"4":{"name":"(anonymous_4)","decl":{"start":{"line":81,"column":38},"end":{"line":81,"column":43}},"loc":{"start":{"line":81,"column":76},"end":{"line":93,"column":1}}},"5":{"name":"(anonymous_5)","decl":{"start":{"line":95,"column":39},"end":{"line":95,"column":44}},"loc":{"start":{"line":95,"column":77},"end":{"line":103,"column":1}}}},"branchMap":{"0":{"loc":{"start":{"line":18,"column":23},"end":{"line":18,"column":56}},"type":"binary-expr","locations":[{"start":{"line":18,"column":23},"end":{"line":18,"column":48}},{"start":{"line":18,"column":52},"end":{"line":18,"column":56}}]},"1":{"loc":{"start":{"line":19,"column":18},"end":{"line":19,"column":56}},"type":"cond-expr","locations":[{"start":{"line":19,"column":31},"end":{"line":19,"column":49}},{"start":{"line":19,"column":52},"end":{"line":19,"column":56}}]},"2":{"loc":{"start":{"line":20,"column":18},"end":{"line":20,"column":46}},"type":"binary-expr","locations":[{"start":{"line":20,"column":18},"end":{"line":20,"column":38}},{"start":{"line":20,"column":42},"end":{"line":20,"column":46}}]},"3":{"loc":{"start":{"line":21,"column":21},"end":{"line":21,"column":52}},"type":"binary-expr","locations":[{"start":{"line":21,"column":21},"end":{"line":21,"column":44}},{"start":{"line":21,"column":48},"end":{"line":21,"column":52}}]},"4":{"loc":{"start":{"line":22,"column":18},"end":{"line":22,"column":46}},"type":"binary-expr","locations":[{"start":{"line":22,"column":18},"end":{"line":22,"column":38}},{"start":{"line":22,"column":42},"end":{"line":22,"column":46}}]},"5":{"loc":{"start":{"line":37,"column":4},"end":{"line":40,"column":5}},"type":"if","locations":[{"start":{"line":37,"column":4},"end":{"line":40,"column":5}},{"start":{},"end":{}}]},"6":{"loc":{"start":{"line":67,"column":4},"end":{"line":70,"column":5}},"type":"if","locations":[{"start":{"line":67,"column":4},"end":{"line":70,"column":5}},{"start":{},"end":{}}]},"7":{"loc":{"start":{"line":84,"column":4},"end":{"line":87,"column":5}},"type":"if","locations":[{"start":{"line":84,"column":4},"end":{"line":87,"column":5}},{"start":{},"end":{}}]}},"s":{"0":0,"1":0,"2":0,"3":0,"4":0,"5":0,"6":0,"7":0,"8":0,"9":0,"10":0,"11":0,"12":0,"13":0,"14":0,"15":0,"16":0,"17":0,"18":0,"19":0,"20":0,"21":0,"22":0,"23":0,"24":0,"25":0,"26":0,"27":0,"28":0,"29":0,"30":0,"31":0,"32":0,"33":0,"34":0,"35":0,"36":0,"37":0,"38":0,"39":0,"40":0,"41":0,"42":0,"43":0,"44":0,"45":0,"46":0,"47":0,"48":0,"49":0,"50":0},"f":{"0":0,"1":0,"2":0,"3":0,"4":0,"5":0},"b":{"0":[0,0],"1":[0,0],"2":[0,0],"3":[0,0],"4":[0,0],"5":[0,0],"6":[0,0],"7":[0,0]}}
,"C:\\Users\\lopez\\OneDrive\\Escritorio\\proyecto\\API_VETASOFT\\vetasoft-bk\\src\\routes\\clientes.routes.ts": {"path":"C:\\Users\\lopez\\OneDrive\\Escritorio\\proyecto\\API_VETASOFT\\vetasoft-bk\\src\\routes\\clientes.routes.ts","statementMap":{"0":{"start":{"line":5,"column":0},"end":{"line":5,"column":52}},"1":{"start":{"line":6,"column":0},"end":{"line":6,"column":66}},"2":{"start":{"line":7,"column":0},"end":{"line":7,"column":66}},"3":{"start":{"line":9,"column":15},"end":{"line":9,"column":23}},"4":{"start":{"line":14,"column":0},"end":{"line":24,"column":3}},"5":{"start":{"line":15,"column":2},"end":{"line":23,"column":3}},"6":{"start":{"line":16,"column":21},"end":{"line":16,"column":52}},"7":{"start":{"line":17,"column":4},"end":{"line":17,"column":48}},"8":{"start":{"line":19,"column":4},"end":{"line":19,"column":55}},"9":{"start":{"line":20,"column":4},"end":{"line":22,"column":68}},"10":{"start":{"line":29,"column":0},"end":{"line":41,"column":3}},"11":{"start":{"line":30,"column":2},"end":{"line":40,"column":3}},"12":{"start":{"line":31,"column":20},"end":{"line":31,"column":65}},"13":{"start":{"line":32,"column":4},"end":{"line":35,"column":5}},"14":{"start":{"line":33,"column":6},"end":{"line":33,"column":79}},"15":{"start":{"line":34,"column":6},"end":{"line":34,"column":13}},"16":{"start":{"line":36,"column":4},"end":{"line":36,"column":47}},"17":{"start":{"line":38,"column":4},"end":{"line":38,"column":54}},"18":{"start":{"line":39,"column":4},"end":{"line":39,"column":80}},"19":{"start":{"line":48,"column":0},"end":{"line":69,"column":3}},"20":{"start":{"line":49,"column":2},"end":{"line":68,"column":3}},"21":{"start":{"line":50,"column":97},"end":{"line":50,"column":105}},"22":{"start":{"line":52,"column":4},"end":{"line":58,"column":5}},"23":{"start":{"line":53,"column":6},"end":{"line":56,"column":9}},"24":{"start":{"line":57,"column":6},"end":{"line":57,"column":13}},"25":{"start":{"line":60,"column":22},"end":{"line":62,"column":6}},"26":{"start":{"line":64,"column":4},"end":{"line":64,"column":61}},"27":{"start":{"line":66,"column":4},"end":{"line":66,"column":67}},"28":{"start":{"line":67,"column":4},"end":{"line":67,"column":99}},"29":{"start":{"line":74,"column":0},"end":{"line":82,"column":3}},"30":{"start":{"line":75,"column":2},"end":{"line":81,"column":3}},"31":{"start":{"line":76,"column":20},"end":{"line":76,"column":58}},"32":{"start":{"line":77,"column":4},"end":{"line":77,"column":59}},"33":{"start":{"line":79,"column":4},"end":{"line":79,"column":51}},"34":{"start":{"line":80,"column":4},"end":{"line":80,"column":78}},"35":{"start":{"line":87,"column":0},"end":{"line":101,"column":3}},"36":{"start":{"line":88,"column":2},"end":{"line":100,"column":3}},"37":{"start":{"line":89,"column":20},"end":{"line":89,"column":73}},"38":{"start":{"line":90,"column":4},"end":{"line":93,"column":5}},"39":{"start":{"line":91,"column":6},"end":{"line":91,"column":79}},"40":{"start":{"line":92,"column":6},"end":{"line":92,"column":13}},"41":{"start":{"line":94,"column":4},"end":{"line":94,"column":47}},"42":{"start":{"line":96,"column":4},"end":{"line":96,"column":56}},"43":{"start":{"line":97,"column":4},"end":{"line":99,"column":70}},"44":{"start":{"line":106,"column":0},"end":{"line":120,"column":3}},"45":{"start":{"line":107,"column":2},"end":{"line":119,"column":3}},"46":{"start":{"line":108,"column":20},"end":{"line":108,"column":67}},"47":{"start":{"line":109,"column":4},"end":{"line":112,"column":5}},"48":{"start":{"line":110,"column":6},"end":{"line":110,"column":79}},"49":{"start":{"line":111,"column":6},"end":{"line":111,"column":13}},"50":{"start":{"line":113,"column":4},"end":{"line":113,"column":79}},"51":{"start":{"line":115,"column":4},"end":{"line":115,"column":54}},"52":{"start":{"line":116,"column":4},"end":{"line":118,"column":68}},"53":{"start":{"line":122,"column":0},"end":{"line":122,"column":22}}},"fnMap":{"0":{"name":"(anonymous_0)","decl":{"start":{"line":14,"column":32},"end":{"line":14,"column":37}},"loc":{"start":{"line":14,"column":70},"end":{"line":24,"column":1}}},"1":{"name":"(anonymous_1)","decl":{"start":{"line":29,"column":35},"end":{"line":29,"column":40}},"loc":{"start":{"line":29,"column":73},"end":{"line":41,"column":1}}},"2":{"name":"(anonymous_2)","decl":{"start":{"line":48,"column":50},"end":{"line":48,"column":55}},"loc":{"start":{"line":48,"column":88},"end":{"line":69,"column":1}}},"3":{"name":"(anonymous_3)","decl":{"start":{"line":74,"column":33},"end":{"line":74,"column":38}},"loc":{"start":{"line":74,"column":71},"end":{"line":82,"column":1}}},"4":{"name":"(anonymous_4)","decl":{"start":{"line":87,"column":35},"end":{"line":87,"column":40}},"loc":{"start":{"line":87,"column":73},"end":{"line":101,"column":1}}},"5":{"name":"(anonymous_5)","decl":{"start":{"line":106,"column":38},"end":{"line":106,"column":43}},"loc":{"start":{"line":106,"column":76},"end":{"line":120,"column":1}}}},"branchMap":{"0":{"loc":{"start":{"line":32,"column":4},"end":{"line":35,"column":5}},"type":"if","locations":[{"start":{"line":32,"column":4},"end":{"line":35,"column":5}},{"start":{},"end":{}}]},"1":{"loc":{"start":{"line":52,"column":4},"end":{"line":58,"column":5}},"type":"if","locations":[{"start":{"line":52,"column":4},"end":{"line":58,"column":5}},{"start":{},"end":{}}]},"2":{"loc":{"start":{"line":52,"column":8},"end":{"line":52,"column":43}},"type":"binary-expr","locations":[{"start":{"line":52,"column":8},"end":{"line":52,"column":15}},{"start":{"line":52,"column":19},"end":{"line":52,"column":26}},{"start":{"line":52,"column":30},"end":{"line":52,"column":43}}]},"3":{"loc":{"start":{"line":67,"column":50},"end":{"line":67,"column":95}},"type":"binary-expr","locations":[{"start":{"line":67,"column":50},"end":{"line":67,"column":63}},{"start":{"line":67,"column":67},"end":{"line":67,"column":95}}]},"4":{"loc":{"start":{"line":90,"column":4},"end":{"line":93,"column":5}},"type":"if","locations":[{"start":{"line":90,"column":4},"end":{"line":93,"column":5}},{"start":{},"end":{}}]},"5":{"loc":{"start":{"line":109,"column":4},"end":{"line":112,"column":5}},"type":"if","locations":[{"start":{"line":109,"column":4},"end":{"line":112,"column":5}},{"start":{},"end":{}}]}},"s":{"0":0,"1":0,"2":0,"3":0,"4":0,"5":0,"6":0,"7":0,"8":0,"9":0,"10":0,"11":0,"12":0,"13":0,"14":0,"15":0,"16":0,"17":0,"18":0,"19":0,"20":0,"21":0,"22":0,"23":0,"24":0,"25":0,"26":0,"27":0,"28":0,"29":0,"30":0,"31":0,"32":0,"33":0,"34":0,"35":0,"36":0,"37":0,"38":0,"39":0,"40":0,"41":0,"42":0,"43":0,"44":0,"45":0,"46":0,"47":0,"48":0,"49":0,"50":0,"51":0,"52":0,"53":0},"f":{"0":0,"1":0,"2":0,"3":0,"4":0,"5":0},"b":{"0":[0,0],"1":[0,0],"2":[0,0,0],"3":[0,0],"4":[0,0],"5":[0,0]}}
,"C:\\Users\\lopez\\OneDrive\\Escritorio\\proyecto\\API_VETASOFT\\vetasoft-bk\\src\\routes\\donaciones.routes.ts": {"path":"C:\\Users\\lopez\\OneDrive\\Escritorio\\proyecto\\API_VETASOFT\\vetasoft-bk\\src\\routes\\donaciones.routes.ts","statementMap":{"0":{"start":{"line":5,"column":0},"end":{"line":5,"column":52}},"1":{"start":{"line":6,"column":0},"end":{"line":6,"column":70}},"2":{"start":{"line":7,"column":0},"end":{"line":7,"column":66}},"3":{"start":{"line":9,"column":15},"end":{"line":9,"column":23}},"4":{"start":{"line":11,"column":0},"end":{"line":27,"column":3}},"5":{"start":{"line":12,"column":2},"end":{"line":26,"column":3}},"6":{"start":{"line":13,"column":39},"end":{"line":13,"column":48}},"7":{"start":{"line":14,"column":4},"end":{"line":14,"column":69}},"8":{"start":{"line":15,"column":4},"end":{"line":15,"column":60}},"9":{"start":{"line":16,"column":4},"end":{"line":16,"column":69}},"10":{"start":{"line":17,"column":23},"end":{"line":19,"column":null}},"11":{"start":{"line":21,"column":4},"end":{"line":21,"column":50}},"12":{"start":{"line":23,"column":4},"end":{"line":25,"column":70}},"13":{"start":{"line":29,"column":0},"end":{"line":38,"column":3}},"14":{"start":{"line":30,"column":2},"end":{"line":37,"column":3}},"15":{"start":{"line":31,"column":21},"end":{"line":31,"column":76}},"16":{"start":{"line":32,"column":4},"end":{"line":32,"column":48}},"17":{"start":{"line":34,"column":4},"end":{"line":36,"column":68}},"18":{"start":{"line":40,"column":0},"end":{"line":47,"column":3}},"19":{"start":{"line":41,"column":2},"end":{"line":46,"column":3}},"20":{"start":{"line":42,"column":21},"end":{"line":42,"column":61}},"21":{"start":{"line":43,"column":4},"end":{"line":43,"column":60}},"22":{"start":{"line":45,"column":4},"end":{"line":45,"column":79}},"23":{"start":{"line":49,"column":0},"end":{"line":61,"column":3}},"24":{"start":{"line":50,"column":2},"end":{"line":60,"column":3}},"25":{"start":{"line":51,"column":21},"end":{"line":53,"column":null}},"26":{"start":{"line":55,"column":4},"end":{"line":55,"column":48}},"27":{"start":{"line":57,"column":4},"end":{"line":59,"column":71}},"28":{"start":{"line":63,"column":0},"end":{"line":72,"column":3}},"29":{"start":{"line":64,"column":2},"end":{"line":71,"column":3}},"30":{"start":{"line":65,"column":21},"end":{"line":65,"column":74}},"31":{"start":{"line":66,"column":4},"end":{"line":66,"column":79}},"32":{"start":{"line":68,"column":4},"end":{"line":70,"column":69}},"33":{"start":{"line":74,"column":0},"end":{"line":74,"column":22}}},"fnMap":{"0":{"name":"(anonymous_0)","decl":{"start":{"line":11,"column":32},"end":{"line":11,"column":37}},"loc":{"start":{"line":11,"column":70},"end":{"line":27,"column":1}}},"1":{"name":"(anonymous_1)","decl":{"start":{"line":29,"column":35},"end":{"line":29,"column":40}},"loc":{"start":{"line":29,"column":73},"end":{"line":38,"column":1}}},"2":{"name":"(anonymous_2)","decl":{"start":{"line":40,"column":17},"end":{"line":40,"column":22}},"loc":{"start":{"line":40,"column":55},"end":{"line":47,"column":1}}},"3":{"name":"(anonymous_3)","decl":{"start":{"line":49,"column":35},"end":{"line":49,"column":40}},"loc":{"start":{"line":49,"column":73},"end":{"line":61,"column":1}}},"4":{"name":"(anonymous_4)","decl":{"start":{"line":63,"column":38},"end":{"line":63,"column":43}},"loc":{"start":{"line":63,"column":76},"end":{"line":72,"column":1}}}},"branchMap":{"0":{"loc":{"start":{"line":18,"column":6},"end":{"line":18,"column":44}},"type":"cond-expr","locations":[{"start":{"line":18,"column":19},"end":{"line":18,"column":37}},{"start":{"line":18,"column":40},"end":{"line":18,"column":44}}]},"1":{"loc":{"start":{"line":19,"column":6},"end":{"line":19,"column":44}},"type":"cond-expr","locations":[{"start":{"line":19,"column":19},"end":{"line":19,"column":37}},{"start":{"line":19,"column":40},"end":{"line":19,"column":44}}]}},"s":{"0":0,"1":0,"2":0,"3":0,"4":0,"5":0,"6":0,"7":0,"8":0,"9":0,"10":0,"11":0,"12":0,"13":0,"14":0,"15":0,"16":0,"17":0,"18":0,"19":0,"20":0,"21":0,"22":0,"23":0,"24":0,"25":0,"26":0,"27":0,"28":0,"29":0,"30":0,"31":0,"32":0,"33":0},"f":{"0":0,"1":0,"2":0,"3":0,"4":0},"b":{"0":[0,0],"1":[0,0]}}
,"C:\\Users\\lopez\\OneDrive\\Escritorio\\proyecto\\API_VETASOFT\\vetasoft-bk\\src\\routes\\especies.routes.ts": {"path":"C:\\Users\\lopez\\OneDrive\\Escritorio\\proyecto\\API_VETASOFT\\vetasoft-bk\\src\\routes\\especies.routes.ts","statementMap":{"0":{"start":{"line":5,"column":0},"end":{"line":5,"column":52}},"1":{"start":{"line":6,"column":0},"end":{"line":6,"column":66}},"2":{"start":{"line":7,"column":0},"end":{"line":7,"column":66}},"3":{"start":{"line":9,"column":15},"end":{"line":9,"column":23}},"4":{"start":{"line":11,"column":0},"end":{"line":20,"column":3}},"5":{"start":{"line":12,"column":2},"end":{"line":19,"column":3}},"6":{"start":{"line":13,"column":21},"end":{"line":13,"column":52}},"7":{"start":{"line":14,"column":4},"end":{"line":14,"column":48}},"8":{"start":{"line":16,"column":4},"end":{"line":18,"column":68}},"9":{"start":{"line":22,"column":0},"end":{"line":33,"column":3}},"10":{"start":{"line":23,"column":2},"end":{"line":32,"column":3}},"11":{"start":{"line":24,"column":20},"end":{"line":24,"column":65}},"12":{"start":{"line":25,"column":4},"end":{"line":28,"column":5}},"13":{"start":{"line":26,"column":6},"end":{"line":26,"column":79}},"14":{"start":{"line":27,"column":6},"end":{"line":27,"column":13}},"15":{"start":{"line":29,"column":4},"end":{"line":29,"column":47}},"16":{"start":{"line":31,"column":4},"end":{"line":31,"column":80}},"17":{"start":{"line":35,"column":0},"end":{"line":42,"column":3}},"18":{"start":{"line":36,"column":2},"end":{"line":41,"column":3}},"19":{"start":{"line":37,"column":20},"end":{"line":37,"column":58}},"20":{"start":{"line":38,"column":4},"end":{"line":38,"column":59}},"21":{"start":{"line":40,"column":4},"end":{"line":40,"column":78}},"22":{"start":{"line":44,"column":0},"end":{"line":53,"column":3}},"23":{"start":{"line":45,"column":2},"end":{"line":52,"column":3}},"24":{"start":{"line":46,"column":20},"end":{"line":46,"column":73}},"25":{"start":{"line":47,"column":4},"end":{"line":47,"column":47}},"26":{"start":{"line":49,"column":4},"end":{"line":51,"column":70}},"27":{"start":{"line":55,"column":0},"end":{"line":64,"column":3}},"28":{"start":{"line":56,"column":2},"end":{"line":63,"column":3}},"29":{"start":{"line":57,"column":20},"end":{"line":57,"column":63}},"30":{"start":{"line":58,"column":4},"end":{"line":58,"column":79}},"31":{"start":{"line":60,"column":4},"end":{"line":62,"column":68}},"32":{"start":{"line":66,"column":0},"end":{"line":66,"column":22}}},"fnMap":{"0":{"name":"(anonymous_0)","decl":{"start":{"line":11,"column":32},"end":{"line":11,"column":37}},"loc":{"start":{"line":11,"column":70},"end":{"line":20,"column":1}}},"1":{"name":"(anonymous_1)","decl":{"start":{"line":22,"column":35},"end":{"line":22,"column":40}},"loc":{"start":{"line":22,"column":73},"end":{"line":33,"column":1}}},"2":{"name":"(anonymous_2)","decl":{"start":{"line":35,"column":33},"end":{"line":35,"column":38}},"loc":{"start":{"line":35,"column":71},"end":{"line":42,"column":1}}},"3":{"name":"(anonymous_3)","decl":{"start":{"line":44,"column":35},"end":{"line":44,"column":40}},"loc":{"start":{"line":44,"column":73},"end":{"line":53,"column":1}}},"4":{"name":"(anonymous_4)","decl":{"start":{"line":55,"column":38},"end":{"line":55,"column":43}},"loc":{"start":{"line":55,"column":76},"end":{"line":64,"column":1}}}},"branchMap":{"0":{"loc":{"start":{"line":25,"column":4},"end":{"line":28,"column":5}},"type":"if","locations":[{"start":{"line":25,"column":4},"end":{"line":28,"column":5}},{"start":{},"end":{}}]}},"s":{"0":0,"1":0,"2":0,"3":0,"4":0,"5":0,"6":0,"7":0,"8":0,"9":0,"10":0,"11":0,"12":0,"13":0,"14":0,"15":0,"16":0,"17":0,"18":0,"19":0,"20":0,"21":0,"22":0,"23":0,"24":0,"25":0,"26":0,"27":0,"28":0,"29":0,"30":0,"31":0,"32":0},"f":{"0":0,"1":0,"2":0,"3":0,"4":0},"b":{"0":[0,0]}}
,"C:\\Users\\lopez\\OneDrive\\Escritorio\\proyecto\\API_VETASOFT\\vetasoft-bk\\src\\routes\\health.routes.ts": {"path":"C:\\Users\\lopez\\OneDrive\\Escritorio\\proyecto\\API_VETASOFT\\vetasoft-bk\\src\\routes\\health.routes.ts","statementMap":{"0":{"start":{"line":5,"column":0},"end":{"line":5,"column":52}},"1":{"start":{"line":6,"column":0},"end":{"line":6,"column":55}},"2":{"start":{"line":8,"column":15},"end":{"line":8,"column":23}},"3":{"start":{"line":13,"column":0},"end":{"line":31,"column":3}},"4":{"start":{"line":14,"column":2},"end":{"line":30,"column":3}},"5":{"start":{"line":15,"column":24},"end":{"line":15,"column":55}},"6":{"start":{"line":17,"column":4},"end":{"line":24,"column":7}},"7":{"start":{"line":26,"column":4},"end":{"line":29,"column":7}},"8":{"start":{"line":33,"column":0},"end":{"line":33,"column":22}}},"fnMap":{"0":{"name":"(anonymous_0)","decl":{"start":{"line":13,"column":16},"end":{"line":13,"column":21}},"loc":{"start":{"line":13,"column":54},"end":{"line":31,"column":1}}}},"branchMap":{"0":{"loc":{"start":{"line":22,"column":18},"end":{"line":22,"column":60}},"type":"cond-expr","locations":[{"start":{"line":22,"column":32},"end":{"line":22,"column":43}},{"start":{"line":22,"column":46},"end":{"line":22,"column":60}}]}},"s":{"0":0,"1":0,"2":0,"3":0,"4":0,"5":0,"6":0,"7":0,"8":0},"f":{"0":0},"b":{"0":[0,0]}}
,"C:\\Users\\lopez\\OneDrive\\Escritorio\\proyecto\\API_VETASOFT\\vetasoft-bk\\src\\routes\\historial-medico.routes.ts": {"path":"C:\\Users\\lopez\\OneDrive\\Escritorio\\proyecto\\API_VETASOFT\\vetasoft-bk\\src\\routes\\historial-medico.routes.ts","statementMap":{"0":{"start":{"line":5,"column":0},"end":{"line":5,"column":52}},"1":{"start":{"line":6,"column":0},"end":{"line":6,"column":81}},"2":{"start":{"line":7,"column":0},"end":{"line":7,"column":66}},"3":{"start":{"line":9,"column":15},"end":{"line":9,"column":23}},"4":{"start":{"line":11,"column":0},"end":{"line":25,"column":3}},"5":{"start":{"line":12,"column":2},"end":{"line":24,"column":3}},"6":{"start":{"line":13,"column":54},"end":{"line":13,"column":63}},"7":{"start":{"line":14,"column":22},"end":{"line":18,"column":6}},"8":{"start":{"line":19,"column":4},"end":{"line":19,"column":49}},"9":{"start":{"line":21,"column":4},"end":{"line":23,"column":76}},"10":{"start":{"line":27,"column":0},"end":{"line":42,"column":3}},"11":{"start":{"line":28,"column":2},"end":{"line":41,"column":3}},"12":{"start":{"line":29,"column":22},"end":{"line":29,"column":74}},"13":{"start":{"line":30,"column":4},"end":{"line":35,"column":5}},"14":{"start":{"line":31,"column":6},"end":{"line":33,"column":68}},"15":{"start":{"line":34,"column":6},"end":{"line":34,"column":13}},"16":{"start":{"line":36,"column":4},"end":{"line":36,"column":49}},"17":{"start":{"line":38,"column":4},"end":{"line":40,"column":69}},"18":{"start":{"line":44,"column":0},"end":{"line":52,"column":3}},"19":{"start":{"line":45,"column":2},"end":{"line":51,"column":3}},"20":{"start":{"line":46,"column":22},"end":{"line":46,"column":67}},"21":{"start":{"line":47,"column":4},"end":{"line":47,"column":61}},"22":{"start":{"line":49,"column":4},"end":{"line":49,"column":53}},"23":{"start":{"line":50,"column":4},"end":{"line":50,"column":80}},"24":{"start":{"line":54,"column":0},"end":{"line":54,"column":22}}},"fnMap":{"0":{"name":"(anonymous_0)","decl":{"start":{"line":11,"column":32},"end":{"line":11,"column":37}},"loc":{"start":{"line":11,"column":70},"end":{"line":25,"column":1}}},"1":{"name":"(anonymous_1)","decl":{"start":{"line":27,"column":35},"end":{"line":27,"column":40}},"loc":{"start":{"line":27,"column":73},"end":{"line":42,"column":1}}},"2":{"name":"(anonymous_2)","decl":{"start":{"line":44,"column":33},"end":{"line":44,"column":38}},"loc":{"start":{"line":44,"column":71},"end":{"line":52,"column":1}}}},"branchMap":{"0":{"loc":{"start":{"line":15,"column":18},"end":{"line":15,"column":46}},"type":"binary-expr","locations":[{"start":{"line":15,"column":18},"end":{"line":15,"column":38}},{"start":{"line":15,"column":42},"end":{"line":15,"column":46}}]},"1":{"loc":{"start":{"line":16,"column":23},"end":{"line":16,"column":56}},"type":"binary-expr","locations":[{"start":{"line":16,"column":23},"end":{"line":16,"column":48}},{"start":{"line":16,"column":52},"end":{"line":16,"column":56}}]},"2":{"loc":{"start":{"line":17,"column":18},"end":{"line":17,"column":56}},"type":"cond-expr","locations":[{"start":{"line":17,"column":31},"end":{"line":17,"column":49}},{"start":{"line":17,"column":52},"end":{"line":17,"column":56}}]},"3":{"loc":{"start":{"line":30,"column":4},"end":{"line":35,"column":5}},"type":"if","locations":[{"start":{"line":30,"column":4},"end":{"line":35,"column":5}},{"start":{},"end":{}}]}},"s":{"0":0,"1":0,"2":0,"3":0,"4":0,"5":0,"6":0,"7":0,"8":0,"9":0,"10":0,"11":0,"12":0,"13":0,"14":0,"15":0,"16":0,"17":0,"18":0,"19":0,"20":0,"21":0,"22":0,"23":0,"24":0},"f":{"0":0,"1":0,"2":0},"b":{"0":[0,0],"1":[0,0],"2":[0,0],"3":[0,0]}}
,"C:\\Users\\lopez\\OneDrive\\Escritorio\\proyecto\\API_VETASOFT\\vetasoft-bk\\src\\routes\\historial-vacunacion.routes.ts": {"path":"C:\\Users\\lopez\\OneDrive\\Escritorio\\proyecto\\API_VETASOFT\\vetasoft-bk\\src\\routes\\historial-vacunacion.routes.ts","statementMap":{"0":{"start":{"line":5,"column":0},"end":{"line":5,"column":52}},"1":{"start":{"line":6,"column":0},"end":{"line":6,"column":89}},"2":{"start":{"line":7,"column":0},"end":{"line":7,"column":66}},"3":{"start":{"line":9,"column":15},"end":{"line":9,"column":23}},"4":{"start":{"line":11,"column":0},"end":{"line":25,"column":3}},"5":{"start":{"line":12,"column":2},"end":{"line":24,"column":3}},"6":{"start":{"line":13,"column":54},"end":{"line":13,"column":63}},"7":{"start":{"line":14,"column":22},"end":{"line":18,"column":6}},"8":{"start":{"line":19,"column":4},"end":{"line":19,"column":49}},"9":{"start":{"line":21,"column":4},"end":{"line":23,"column":80}},"10":{"start":{"line":27,"column":0},"end":{"line":36,"column":3}},"11":{"start":{"line":28,"column":2},"end":{"line":35,"column":3}},"12":{"start":{"line":29,"column":22},"end":{"line":29,"column":78}},"13":{"start":{"line":30,"column":4},"end":{"line":30,"column":49}},"14":{"start":{"line":32,"column":4},"end":{"line":34,"column":69}},"15":{"start":{"line":38,"column":0},"end":{"line":46,"column":3}},"16":{"start":{"line":39,"column":2},"end":{"line":45,"column":3}},"17":{"start":{"line":40,"column":22},"end":{"line":40,"column":71}},"18":{"start":{"line":41,"column":4},"end":{"line":41,"column":61}},"19":{"start":{"line":43,"column":4},"end":{"line":43,"column":53}},"20":{"start":{"line":44,"column":4},"end":{"line":44,"column":80}},"21":{"start":{"line":48,"column":0},"end":{"line":48,"column":22}}},"fnMap":{"0":{"name":"(anonymous_0)","decl":{"start":{"line":11,"column":32},"end":{"line":11,"column":37}},"loc":{"start":{"line":11,"column":70},"end":{"line":25,"column":1}}},"1":{"name":"(anonymous_1)","decl":{"start":{"line":27,"column":35},"end":{"line":27,"column":40}},"loc":{"start":{"line":27,"column":73},"end":{"line":36,"column":1}}},"2":{"name":"(anonymous_2)","decl":{"start":{"line":38,"column":33},"end":{"line":38,"column":38}},"loc":{"start":{"line":38,"column":71},"end":{"line":46,"column":1}}}},"branchMap":{"0":{"loc":{"start":{"line":15,"column":18},"end":{"line":15,"column":46}},"type":"binary-expr","locations":[{"start":{"line":15,"column":18},"end":{"line":15,"column":38}},{"start":{"line":15,"column":42},"end":{"line":15,"column":46}}]},"1":{"loc":{"start":{"line":16,"column":23},"end":{"line":16,"column":56}},"type":"binary-expr","locations":[{"start":{"line":16,"column":23},"end":{"line":16,"column":48}},{"start":{"line":16,"column":52},"end":{"line":16,"column":56}}]},"2":{"loc":{"start":{"line":17,"column":18},"end":{"line":17,"column":56}},"type":"cond-expr","locations":[{"start":{"line":17,"column":31},"end":{"line":17,"column":49}},{"start":{"line":17,"column":52},"end":{"line":17,"column":56}}]}},"s":{"0":0,"1":0,"2":0,"3":0,"4":0,"5":0,"6":0,"7":0,"8":0,"9":0,"10":0,"11":0,"12":0,"13":0,"14":0,"15":0,"16":0,"17":0,"18":0,"19":0,"20":0,"21":0},"f":{"0":0,"1":0,"2":0},"b":{"0":[0,0],"1":[0,0],"2":[0,0]}}
,"C:\\Users\\lopez\\OneDrive\\Escritorio\\proyecto\\API_VETASOFT\\vetasoft-bk\\src\\routes\\modulos.routes.ts": {"path":"C:\\Users\\lopez\\OneDrive\\Escritorio\\proyecto\\API_VETASOFT\\vetasoft-bk\\src\\routes\\modulos.routes.ts","statementMap":{"0":{"start":{"line":6,"column":0},"end":{"line":6,"column":52}},"1":{"start":{"line":7,"column":0},"end":{"line":7,"column":64}},"2":{"start":{"line":8,"column":0},"end":{"line":8,"column":82}},"3":{"start":{"line":10,"column":15},"end":{"line":10,"column":23}},"4":{"start":{"line":18,"column":0},"end":{"line":30,"column":2}},"5":{"start":{"line":22,"column":4},"end":{"line":28,"column":5}},"6":{"start":{"line":23,"column":20},"end":{"line":23,"column":36}},"7":{"start":{"line":24,"column":22},"end":{"line":24,"column":65}},"8":{"start":{"line":25,"column":6},"end":{"line":25,"column":49}},"9":{"start":{"line":27,"column":6},"end":{"line":27,"column":82}},"10":{"start":{"line":38,"column":0},"end":{"line":50,"column":2}},"11":{"start":{"line":43,"column":4},"end":{"line":48,"column":5}},"12":{"start":{"line":44,"column":22},"end":{"line":44,"column":63}},"13":{"start":{"line":45,"column":6},"end":{"line":45,"column":49}},"14":{"start":{"line":47,"column":6},"end":{"line":47,"column":82}},"15":{"start":{"line":56,"column":0},"end":{"line":69,"column":2}},"16":{"start":{"line":61,"column":4},"end":{"line":67,"column":5}},"17":{"start":{"line":62,"column":20},"end":{"line":62,"column":44}},"18":{"start":{"line":63,"column":22},"end":{"line":63,"column":65}},"19":{"start":{"line":64,"column":6},"end":{"line":64,"column":49}},"20":{"start":{"line":66,"column":6},"end":{"line":66,"column":90}},"21":{"start":{"line":75,"column":0},"end":{"line":87,"column":2}},"22":{"start":{"line":80,"column":4},"end":{"line":85,"column":5}},"23":{"start":{"line":81,"column":21},"end":{"line":81,"column":57}},"24":{"start":{"line":82,"column":6},"end":{"line":82,"column":60}},"25":{"start":{"line":84,"column":6},"end":{"line":84,"column":79}},"26":{"start":{"line":93,"column":0},"end":{"line":107,"column":2}},"27":{"start":{"line":98,"column":4},"end":{"line":105,"column":5}},"28":{"start":{"line":99,"column":20},"end":{"line":99,"column":44}},"29":{"start":{"line":100,"column":23},"end":{"line":100,"column":50}},"30":{"start":{"line":101,"column":24},"end":{"line":101,"column":75}},"31":{"start":{"line":102,"column":6},"end":{"line":102,"column":51}},"32":{"start":{"line":104,"column":6},"end":{"line":104,"column":81}},"33":{"start":{"line":113,"column":0},"end":{"line":131,"column":2}},"34":{"start":{"line":118,"column":4},"end":{"line":129,"column":5}},"35":{"start":{"line":119,"column":20},"end":{"line":119,"column":44}},"36":{"start":{"line":120,"column":23},"end":{"line":120,"column":50}},"37":{"start":{"line":121,"column":17},"end":{"line":121,"column":68}},"38":{"start":{"line":122,"column":6},"end":{"line":125,"column":7}},"39":{"start":{"line":123,"column":8},"end":{"line":123,"column":84}},"40":{"start":{"line":124,"column":8},"end":{"line":124,"column":15}},"41":{"start":{"line":126,"column":6},"end":{"line":126,"column":70}},"42":{"start":{"line":128,"column":6},"end":{"line":128,"column":81}},"43":{"start":{"line":133,"column":0},"end":{"line":133,"column":22}}},"fnMap":{"0":{"name":"(anonymous_0)","decl":{"start":{"line":21,"column":2},"end":{"line":21,"column":7}},"loc":{"start":{"line":21,"column":40},"end":{"line":29,"column":3}}},"1":{"name":"(anonymous_1)","decl":{"start":{"line":42,"column":2},"end":{"line":42,"column":7}},"loc":{"start":{"line":42,"column":40},"end":{"line":49,"column":3}}},"2":{"name":"(anonymous_2)","decl":{"start":{"line":60,"column":2},"end":{"line":60,"column":7}},"loc":{"start":{"line":60,"column":40},"end":{"line":68,"column":3}}},"3":{"name":"(anonymous_3)","decl":{"start":{"line":79,"column":2},"end":{"line":79,"column":7}},"loc":{"start":{"line":79,"column":40},"end":{"line":86,"column":3}}},"4":{"name":"(anonymous_4)","decl":{"start":{"line":97,"column":2},"end":{"line":97,"column":7}},"loc":{"start":{"line":97,"column":40},"end":{"line":106,"column":3}}},"5":{"name":"(anonymous_5)","decl":{"start":{"line":117,"column":2},"end":{"line":117,"column":7}},"loc":{"start":{"line":117,"column":40},"end":{"line":130,"column":3}}}},"branchMap":{"0":{"loc":{"start":{"line":122,"column":6},"end":{"line":125,"column":7}},"type":"if","locations":[{"start":{"line":122,"column":6},"end":{"line":125,"column":7}},{"start":{},"end":{}}]}},"s":{"0":0,"1":0,"2":0,"3":0,"4":0,"5":0,"6":0,"7":0,"8":0,"9":0,"10":0,"11":0,"12":0,"13":0,"14":0,"15":0,"16":0,"17":0,"18":0,"19":0,"20":0,"21":0,"22":0,"23":0,"24":0,"25":0,"26":0,"27":0,"28":0,"29":0,"30":0,"31":0,"32":0,"33":0,"34":0,"35":0,"36":0,"37":0,"38":0,"39":0,"40":0,"41":0,"42":0,"43":0},"f":{"0":0,"1":0,"2":0,"3":0,"4":0,"5":0},"b":{"0":[0,0]}}
,"C:\\Users\\lopez\\OneDrive\\Escritorio\\proyecto\\API_VETASOFT\\vetasoft-bk\\src\\routes\\notificaciones.routes.ts": {"path":"C:\\Users\\lopez\\OneDrive\\Escritorio\\proyecto\\API_VETASOFT\\vetasoft-bk\\src\\routes\\notificaciones.routes.ts","statementMap":{"0":{"start":{"line":6,"column":0},"end":{"line":6,"column":52}},"1":{"start":{"line":7,"column":0},"end":{"line":7,"column":78}},"2":{"start":{"line":8,"column":0},"end":{"line":8,"column":66}},"3":{"start":{"line":10,"column":15},"end":{"line":10,"column":23}},"4":{"start":{"line":13,"column":0},"end":{"line":13,"column":27}},"5":{"start":{"line":20,"column":0},"end":{"line":32,"column":3}},"6":{"start":{"line":21,"column":2},"end":{"line":31,"column":3}},"7":{"start":{"line":22,"column":19},"end":{"line":22,"column":35}},"8":{"start":{"line":23,"column":25},"end":{"line":23,"column":58}},"9":{"start":{"line":24,"column":27},"end":{"line":26,"column":null}},"10":{"start":{"line":28,"column":4},"end":{"line":28,"column":54}},"11":{"start":{"line":30,"column":4},"end":{"line":30,"column":87}},"12":{"start":{"line":38,"column":0},"end":{"line":46,"column":3}},"13":{"start":{"line":39,"column":2},"end":{"line":45,"column":3}},"14":{"start":{"line":40,"column":19},"end":{"line":40,"column":35}},"15":{"start":{"line":41,"column":18},"end":{"line":41,"column":68}},"16":{"start":{"line":42,"column":4},"end":{"line":42,"column":49}},"17":{"start":{"line":44,"column":4},"end":{"line":44,"column":86}},"18":{"start":{"line":52,"column":0},"end":{"line":63,"column":3}},"19":{"start":{"line":53,"column":2},"end":{"line":62,"column":3}},"20":{"start":{"line":54,"column":19},"end":{"line":54,"column":35}},"21":{"start":{"line":55,"column":21},"end":{"line":55,"column":74}},"22":{"start":{"line":56,"column":4},"end":{"line":59,"column":7}},"23":{"start":{"line":61,"column":4},"end":{"line":61,"column":86}},"24":{"start":{"line":69,"column":0},"end":{"line":85,"column":3}},"25":{"start":{"line":70,"column":2},"end":{"line":84,"column":3}},"26":{"start":{"line":71,"column":19},"end":{"line":71,"column":35}},"27":{"start":{"line":72,"column":27},"end":{"line":72,"column":48}},"28":{"start":{"line":73,"column":25},"end":{"line":75,"column":null}},"29":{"start":{"line":77,"column":4},"end":{"line":80,"column":5}},"30":{"start":{"line":78,"column":6},"end":{"line":78,"column":84}},"31":{"start":{"line":79,"column":6},"end":{"line":79,"column":13}},"32":{"start":{"line":81,"column":4},"end":{"line":81,"column":52}},"33":{"start":{"line":83,"column":4},"end":{"line":83,"column":84}},"34":{"start":{"line":91,"column":0},"end":{"line":104,"column":3}},"35":{"start":{"line":92,"column":2},"end":{"line":103,"column":3}},"36":{"start":{"line":93,"column":19},"end":{"line":93,"column":35}},"37":{"start":{"line":94,"column":27},"end":{"line":94,"column":48}},"38":{"start":{"line":95,"column":22},"end":{"line":95,"column":82}},"39":{"start":{"line":96,"column":4},"end":{"line":99,"column":5}},"40":{"start":{"line":97,"column":6},"end":{"line":97,"column":84}},"41":{"start":{"line":98,"column":6},"end":{"line":98,"column":13}},"42":{"start":{"line":100,"column":4},"end":{"line":100,"column":67}},"43":{"start":{"line":102,"column":4},"end":{"line":102,"column":86}},"44":{"start":{"line":106,"column":0},"end":{"line":106,"column":22}}},"fnMap":{"0":{"name":"(anonymous_0)","decl":{"start":{"line":20,"column":16},"end":{"line":20,"column":21}},"loc":{"start":{"line":20,"column":54},"end":{"line":32,"column":1}}},"1":{"name":"(anonymous_1)","decl":{"start":{"line":38,"column":24},"end":{"line":38,"column":29}},"loc":{"start":{"line":38,"column":62},"end":{"line":46,"column":1}}},"2":{"name":"(anonymous_2)","decl":{"start":{"line":52,"column":28},"end":{"line":52,"column":33}},"loc":{"start":{"line":52,"column":66},"end":{"line":63,"column":1}}},"3":{"name":"(anonymous_3)","decl":{"start":{"line":69,"column":26},"end":{"line":69,"column":31}},"loc":{"start":{"line":69,"column":64},"end":{"line":85,"column":1}}},"4":{"name":"(anonymous_4)","decl":{"start":{"line":91,"column":22},"end":{"line":91,"column":27}},"loc":{"start":{"line":91,"column":60},"end":{"line":104,"column":1}}}},"branchMap":{"0":{"loc":{"start":{"line":77,"column":4},"end":{"line":80,"column":5}},"type":"if","locations":[{"start":{"line":77,"column":4},"end":{"line":80,"column":5}},{"start":{},"end":{}}]},"1":{"loc":{"start":{"line":96,"column":4},"end":{"line":99,"column":5}},"type":"if","locations":[{"start":{"line":96,"column":4},"end":{"line":99,"column":5}},{"start":{},"end":{}}]}},"s":{"0":0,"1":0,"2":0,"3":0,"4":0,"5":0,"6":0,"7":0,"8":0,"9":0,"10":0,"11":0,"12":0,"13":0,"14":0,"15":0,"16":0,"17":0,"18":0,"19":0,"20":0,"21":0,"22":0,"23":0,"24":0,"25":0,"26":0,"27":0,"28":0,"29":0,"30":0,"31":0,"32":0,"33":0,"34":0,"35":0,"36":0,"37":0,"38":0,"39":0,"40":0,"41":0,"42":0,"43":0,"44":0},"f":{"0":0,"1":0,"2":0,"3":0,"4":0},"b":{"0":[0,0],"1":[0,0]}}
,"C:\\Users\\lopez\\OneDrive\\Escritorio\\proyecto\\API_VETASOFT\\vetasoft-bk\\src\\routes\\razas.routes.ts": {"path":"C:\\Users\\lopez\\OneDrive\\Escritorio\\proyecto\\API_VETASOFT\\vetasoft-bk\\src\\routes\\razas.routes.ts","statementMap":{"0":{"start":{"line":5,"column":0},"end":{"line":5,"column":52}},"1":{"start":{"line":6,"column":0},"end":{"line":6,"column":60}},"2":{"start":{"line":7,"column":0},"end":{"line":7,"column":66}},"3":{"start":{"line":9,"column":15},"end":{"line":9,"column":23}},"4":{"start":{"line":11,"column":0},"end":{"line":21,"column":3}},"5":{"start":{"line":12,"column":2},"end":{"line":20,"column":3}},"6":{"start":{"line":13,"column":27},"end":{"line":13,"column":36}},"7":{"start":{"line":14,"column":18},"end":{"line":16,"column":6}},"8":{"start":{"line":17,"column":4},"end":{"line":17,"column":45}},"9":{"start":{"line":19,"column":4},"end":{"line":19,"column":78}},"10":{"start":{"line":23,"column":0},"end":{"line":34,"column":3}},"11":{"start":{"line":24,"column":2},"end":{"line":33,"column":3}},"12":{"start":{"line":25,"column":17},"end":{"line":25,"column":59}},"13":{"start":{"line":26,"column":4},"end":{"line":29,"column":5}},"14":{"start":{"line":27,"column":6},"end":{"line":27,"column":76}},"15":{"start":{"line":28,"column":6},"end":{"line":28,"column":13}},"16":{"start":{"line":30,"column":4},"end":{"line":30,"column":44}},"17":{"start":{"line":32,"column":4},"end":{"line":32,"column":77}},"18":{"start":{"line":36,"column":0},"end":{"line":43,"column":3}},"19":{"start":{"line":37,"column":2},"end":{"line":42,"column":3}},"20":{"start":{"line":38,"column":17},"end":{"line":38,"column":52}},"21":{"start":{"line":39,"column":4},"end":{"line":39,"column":56}},"22":{"start":{"line":41,"column":4},"end":{"line":41,"column":75}},"23":{"start":{"line":45,"column":0},"end":{"line":52,"column":3}},"24":{"start":{"line":46,"column":2},"end":{"line":51,"column":3}},"25":{"start":{"line":47,"column":17},"end":{"line":47,"column":67}},"26":{"start":{"line":48,"column":4},"end":{"line":48,"column":44}},"27":{"start":{"line":50,"column":4},"end":{"line":50,"column":80}},"28":{"start":{"line":54,"column":0},"end":{"line":61,"column":3}},"29":{"start":{"line":55,"column":2},"end":{"line":60,"column":3}},"30":{"start":{"line":56,"column":17},"end":{"line":56,"column":57}},"31":{"start":{"line":57,"column":4},"end":{"line":57,"column":73}},"32":{"start":{"line":59,"column":4},"end":{"line":59,"column":78}},"33":{"start":{"line":63,"column":0},"end":{"line":63,"column":22}}},"fnMap":{"0":{"name":"(anonymous_0)","decl":{"start":{"line":11,"column":32},"end":{"line":11,"column":37}},"loc":{"start":{"line":11,"column":70},"end":{"line":21,"column":1}}},"1":{"name":"(anonymous_1)","decl":{"start":{"line":23,"column":35},"end":{"line":23,"column":40}},"loc":{"start":{"line":23,"column":73},"end":{"line":34,"column":1}}},"2":{"name":"(anonymous_2)","decl":{"start":{"line":36,"column":33},"end":{"line":36,"column":38}},"loc":{"start":{"line":36,"column":71},"end":{"line":43,"column":1}}},"3":{"name":"(anonymous_3)","decl":{"start":{"line":45,"column":35},"end":{"line":45,"column":40}},"loc":{"start":{"line":45,"column":73},"end":{"line":52,"column":1}}},"4":{"name":"(anonymous_4)","decl":{"start":{"line":54,"column":38},"end":{"line":54,"column":43}},"loc":{"start":{"line":54,"column":76},"end":{"line":61,"column":1}}}},"branchMap":{"0":{"loc":{"start":{"line":15,"column":18},"end":{"line":15,"column":56}},"type":"cond-expr","locations":[{"start":{"line":15,"column":31},"end":{"line":15,"column":49}},{"start":{"line":15,"column":52},"end":{"line":15,"column":56}}]},"1":{"loc":{"start":{"line":26,"column":4},"end":{"line":29,"column":5}},"type":"if","locations":[{"start":{"line":26,"column":4},"end":{"line":29,"column":5}},{"start":{},"end":{}}]}},"s":{"0":0,"1":0,"2":0,"3":0,"4":0,"5":0,"6":0,"7":0,"8":0,"9":0,"10":0,"11":0,"12":0,"13":0,"14":0,"15":0,"16":0,"17":0,"18":0,"19":0,"20":0,"21":0,"22":0,"23":0,"24":0,"25":0,"26":0,"27":0,"28":0,"29":0,"30":0,"31":0,"32":0,"33":0},"f":{"0":0,"1":0,"2":0,"3":0,"4":0},"b":{"0":[0,0],"1":[0,0]}}
,"C:\\Users\\lopez\\OneDrive\\Escritorio\\proyecto\\API_VETASOFT\\vetasoft-bk\\src\\routes\\solicitudes-adopcion.routes.ts": {"path":"C:\\Users\\lopez\\OneDrive\\Escritorio\\proyecto\\API_VETASOFT\\vetasoft-bk\\src\\routes\\solicitudes-adopcion.routes.ts","statementMap":{"0":{"start":{"line":5,"column":0},"end":{"line":5,"column":52}},"1":{"start":{"line":6,"column":0},"end":{"line":6,"column":89}},"2":{"start":{"line":7,"column":0},"end":{"line":7,"column":66}},"3":{"start":{"line":9,"column":15},"end":{"line":9,"column":23}},"4":{"start":{"line":11,"column":0},"end":{"line":25,"column":3}},"5":{"start":{"line":12,"column":2},"end":{"line":24,"column":3}},"6":{"start":{"line":13,"column":49},"end":{"line":13,"column":58}},"7":{"start":{"line":14,"column":24},"end":{"line":18,"column":6}},"8":{"start":{"line":19,"column":4},"end":{"line":19,"column":51}},"9":{"start":{"line":21,"column":4},"end":{"line":23,"column":71}},"10":{"start":{"line":27,"column":0},"end":{"line":36,"column":3}},"11":{"start":{"line":28,"column":2},"end":{"line":35,"column":3}},"12":{"start":{"line":29,"column":22},"end":{"line":29,"column":78}},"13":{"start":{"line":30,"column":4},"end":{"line":30,"column":49}},"14":{"start":{"line":32,"column":4},"end":{"line":34,"column":69}},"15":{"start":{"line":38,"column":0},"end":{"line":46,"column":3}},"16":{"start":{"line":39,"column":2},"end":{"line":45,"column":3}},"17":{"start":{"line":40,"column":22},"end":{"line":40,"column":71}},"18":{"start":{"line":41,"column":4},"end":{"line":41,"column":61}},"19":{"start":{"line":43,"column":4},"end":{"line":43,"column":53}},"20":{"start":{"line":44,"column":4},"end":{"line":44,"column":80}},"21":{"start":{"line":48,"column":0},"end":{"line":64,"column":2}},"22":{"start":{"line":52,"column":4},"end":{"line":62,"column":5}},"23":{"start":{"line":53,"column":24},"end":{"line":55,"column":null}},"24":{"start":{"line":57,"column":6},"end":{"line":57,"column":51}},"25":{"start":{"line":59,"column":6},"end":{"line":61,"column":71}},"26":{"start":{"line":66,"column":0},"end":{"line":79,"column":3}},"27":{"start":{"line":67,"column":2},"end":{"line":78,"column":3}},"28":{"start":{"line":68,"column":22},"end":{"line":68,"column":76}},"29":{"start":{"line":69,"column":4},"end":{"line":73,"column":7}},"30":{"start":{"line":75,"column":4},"end":{"line":77,"column":70}},"31":{"start":{"line":81,"column":0},"end":{"line":81,"column":22}}},"fnMap":{"0":{"name":"(anonymous_0)","decl":{"start":{"line":11,"column":32},"end":{"line":11,"column":37}},"loc":{"start":{"line":11,"column":70},"end":{"line":25,"column":1}}},"1":{"name":"(anonymous_1)","decl":{"start":{"line":27,"column":35},"end":{"line":27,"column":40}},"loc":{"start":{"line":27,"column":73},"end":{"line":36,"column":1}}},"2":{"name":"(anonymous_2)","decl":{"start":{"line":38,"column":33},"end":{"line":38,"column":38}},"loc":{"start":{"line":38,"column":71},"end":{"line":46,"column":1}}},"3":{"name":"(anonymous_3)","decl":{"start":{"line":51,"column":2},"end":{"line":51,"column":7}},"loc":{"start":{"line":51,"column":40},"end":{"line":63,"column":3}}},"4":{"name":"(anonymous_4)","decl":{"start":{"line":66,"column":38},"end":{"line":66,"column":43}},"loc":{"start":{"line":66,"column":76},"end":{"line":79,"column":1}}}},"branchMap":{"0":{"loc":{"start":{"line":15,"column":17},"end":{"line":15,"column":53}},"type":"cond-expr","locations":[{"start":{"line":15,"column":29},"end":{"line":15,"column":46}},{"start":{"line":15,"column":49},"end":{"line":15,"column":53}}]},"1":{"loc":{"start":{"line":16,"column":17},"end":{"line":16,"column":53}},"type":"cond-expr","locations":[{"start":{"line":16,"column":29},"end":{"line":16,"column":46}},{"start":{"line":16,"column":49},"end":{"line":16,"column":53}}]},"2":{"loc":{"start":{"line":17,"column":18},"end":{"line":17,"column":56}},"type":"cond-expr","locations":[{"start":{"line":17,"column":31},"end":{"line":17,"column":49}},{"start":{"line":17,"column":52},"end":{"line":17,"column":56}}]}},"s":{"0":0,"1":0,"2":0,"3":0,"4":0,"5":0,"6":0,"7":0,"8":0,"9":0,"10":0,"11":0,"12":0,"13":0,"14":0,"15":0,"16":0,"17":0,"18":0,"19":0,"20":0,"21":0,"22":0,"23":0,"24":0,"25":0,"26":0,"27":0,"28":0,"29":0,"30":0,"31":0},"f":{"0":0,"1":0,"2":0,"3":0,"4":0},"b":{"0":[0,0],"1":[0,0],"2":[0,0]}}
,"C:\\Users\\lopez\\OneDrive\\Escritorio\\proyecto\\API_VETASOFT\\vetasoft-bk\\src\\routes\\test.routes.ts": {"path":"C:\\Users\\lopez\\OneDrive\\Escritorio\\proyecto\\API_VETASOFT\\vetasoft-bk\\src\\routes\\test.routes.ts","statementMap":{"0":{"start":{"line":6,"column":0},"end":{"line":6,"column":52}},"1":{"start":{"line":7,"column":0},"end":{"line":7,"column":60}},"2":{"start":{"line":9,"column":15},"end":{"line":9,"column":23}},"3":{"start":{"line":15,"column":0},"end":{"line":29,"column":3}},"4":{"start":{"line":16,"column":4},"end":{"line":28,"column":5}},"5":{"start":{"line":17,"column":26},"end":{"line":17,"column":55}},"6":{"start":{"line":18,"column":8},"end":{"line":22,"column":11}},"7":{"start":{"line":24,"column":8},"end":{"line":27,"column":11}},"8":{"start":{"line":31,"column":0},"end":{"line":31,"column":22}}},"fnMap":{"0":{"name":"(anonymous_0)","decl":{"start":{"line":15,"column":36},"end":{"line":15,"column":41}},"loc":{"start":{"line":15,"column":74},"end":{"line":29,"column":1}}}},"branchMap":{},"s":{"0":0,"1":0,"2":0,"3":0,"4":0,"5":0,"6":0,"7":0,"8":0},"f":{"0":0},"b":{}}
,"C:\\Users\\lopez\\OneDrive\\Escritorio\\proyecto\\API_VETASOFT\\vetasoft-bk\\src\\routes\\usuarios.routes.ts": {"path":"C:\\Users\\lopez\\OneDrive\\Escritorio\\proyecto\\API_VETASOFT\\vetasoft-bk\\src\\routes\\usuarios.routes.ts","statementMap":{"0":{"start":{"line":5,"column":0},"end":{"line":5,"column":52}},"1":{"start":{"line":6,"column":0},"end":{"line":6,"column":66}},"2":{"start":{"line":7,"column":0},"end":{"line":7,"column":66}},"3":{"start":{"line":9,"column":15},"end":{"line":9,"column":23}},"4":{"start":{"line":11,"column":0},"end":{"line":21,"column":3}},"5":{"start":{"line":12,"column":2},"end":{"line":20,"column":3}},"6":{"start":{"line":13,"column":21},"end":{"line":13,"column":52}},"7":{"start":{"line":14,"column":4},"end":{"line":14,"column":48}},"8":{"start":{"line":16,"column":4},"end":{"line":16,"column":35}},"9":{"start":{"line":17,"column":4},"end":{"line":19,"column":68}},"10":{"start":{"line":23,"column":0},"end":{"line":35,"column":3}},"11":{"start":{"line":24,"column":2},"end":{"line":34,"column":3}},"12":{"start":{"line":25,"column":20},"end":{"line":25,"column":73}},"13":{"start":{"line":26,"column":4},"end":{"line":29,"column":5}},"14":{"start":{"line":27,"column":6},"end":{"line":27,"column":79}},"15":{"start":{"line":28,"column":6},"end":{"line":28,"column":13}},"16":{"start":{"line":30,"column":4},"end":{"line":30,"column":47}},"17":{"start":{"line":32,"column":4},"end":{"line":32,"column":35}},"18":{"start":{"line":33,"column":4},"end":{"line":33,"column":80}},"19":{"start":{"line":37,"column":0},"end":{"line":45,"column":3}},"20":{"start":{"line":38,"column":2},"end":{"line":44,"column":3}},"21":{"start":{"line":39,"column":20},"end":{"line":39,"column":58}},"22":{"start":{"line":40,"column":4},"end":{"line":40,"column":59}},"23":{"start":{"line":42,"column":4},"end":{"line":42,"column":35}},"24":{"start":{"line":43,"column":4},"end":{"line":43,"column":78}},"25":{"start":{"line":47,"column":0},"end":{"line":64,"column":3}},"26":{"start":{"line":48,"column":2},"end":{"line":63,"column":3}},"27":{"start":{"line":49,"column":20},"end":{"line":51,"column":null}},"28":{"start":{"line":53,"column":4},"end":{"line":56,"column":5}},"29":{"start":{"line":54,"column":6},"end":{"line":54,"column":79}},"30":{"start":{"line":55,"column":6},"end":{"line":55,"column":13}},"31":{"start":{"line":57,"column":4},"end":{"line":57,"column":47}},"32":{"start":{"line":59,"column":4},"end":{"line":59,"column":35}},"33":{"start":{"line":60,"column":4},"end":{"line":62,"column":70}},"34":{"start":{"line":66,"column":0},"end":{"line":76,"column":3}},"35":{"start":{"line":67,"column":2},"end":{"line":75,"column":3}},"36":{"start":{"line":68,"column":20},"end":{"line":68,"column":71}},"37":{"start":{"line":69,"column":4},"end":{"line":69,"column":79}},"38":{"start":{"line":71,"column":4},"end":{"line":71,"column":35}},"39":{"start":{"line":72,"column":4},"end":{"line":74,"column":68}},"40":{"start":{"line":78,"column":0},"end":{"line":78,"column":22}}},"fnMap":{"0":{"name":"(anonymous_0)","decl":{"start":{"line":11,"column":32},"end":{"line":11,"column":37}},"loc":{"start":{"line":11,"column":70},"end":{"line":21,"column":1}}},"1":{"name":"(anonymous_1)","decl":{"start":{"line":23,"column":35},"end":{"line":23,"column":40}},"loc":{"start":{"line":23,"column":73},"end":{"line":35,"column":1}}},"2":{"name":"(anonymous_2)","decl":{"start":{"line":37,"column":33},"end":{"line":37,"column":38}},"loc":{"start":{"line":37,"column":71},"end":{"line":45,"column":1}}},"3":{"name":"(anonymous_3)","decl":{"start":{"line":47,"column":35},"end":{"line":47,"column":40}},"loc":{"start":{"line":47,"column":73},"end":{"line":64,"column":1}}},"4":{"name":"(anonymous_4)","decl":{"start":{"line":66,"column":38},"end":{"line":66,"column":43}},"loc":{"start":{"line":66,"column":76},"end":{"line":76,"column":1}}}},"branchMap":{"0":{"loc":{"start":{"line":26,"column":4},"end":{"line":29,"column":5}},"type":"if","locations":[{"start":{"line":26,"column":4},"end":{"line":29,"column":5}},{"start":{},"end":{}}]},"1":{"loc":{"start":{"line":53,"column":4},"end":{"line":56,"column":5}},"type":"if","locations":[{"start":{"line":53,"column":4},"end":{"line":56,"column":5}},{"start":{},"en
[...]
0},"end":{"line":57,"column":43}},"18":{"start":{"line":58,"column":4},"end":{"line":58,"column":30}},"19":{"start":{"line":58,"column":18},"end":{"line":58,"column":30}},"20":{"start":{"line":60,"column":24},"end":{"line":60,"column":42}},"21":{"start":{"line":61,"column":4},"end":{"line":63,"column":5}},"22":{"start":{"line":62,"column":6},"end":{"line":62,"column":63}},"23":{"start":{"line":65,"column":20},"end":{"line":80,"column":6}},"24":{"start":{"line":81,"column":4},"end":{"line":81,"column":22}},"25":{"start":{"line":85,"column":20},"end":{"line":87,"column":6}},"26":{"start":{"line":88,"column":4},"end":{"line":88,"column":22}},"27":{"start":{"line":96,"column":19},"end":{"line":104,"column":6}},"28":{"start":{"line":105,"column":4},"end":{"line":105,"column":29}},"29":{"start":{"line":8,"column":0},"end":{"line":8,"column":13}}},"fnMap":{"0":{"name":"(anonymous_0)","decl":{"start":{"line":9,"column":2},"end":{"line":9,"column":8}},"loc":{"start":{"line":9,"column":22},"end":{"line":18,"column":3}}},"1":{"name":"(anonymous_1)","decl":{"start":{"line":20,"column":2},"end":{"line":20,"column":8}},"loc":{"start":{"line":20,"column":34},"end":{"line":28,"column":3}}},"2":{"name":"(anonymous_2)","decl":{"start":{"line":30,"column":2},"end":{"line":30,"column":8}},"loc":{"start":{"line":30,"column":31},"end":{"line":41,"column":3}}},"3":{"name":"(anonymous_3)","decl":{"start":{"line":43,"column":2},"end":{"line":43,"column":8}},"loc":{"start":{"line":43,"column":62},"end":{"line":54,"column":3}}},"4":{"name":"(anonymous_4)","decl":{"start":{"line":56,"column":2},"end":{"line":56,"column":8}},"loc":{"start":{"line":56,"column":43},"end":{"line":82,"column":3}}},"5":{"name":"(anonymous_5)","decl":{"start":{"line":84,"column":2},"end":{"line":84,"column":8}},"loc":{"start":{"line":84,"column":32},"end":{"line":89,"column":3}}},"6":{"name":"(anonymous_6)","decl":{"start":{"line":95,"column":2},"end":{"line":95,"column":8}},"loc":{"start":{"line":95,"column":50},"end":{"line":106,"column":3}}}},"branchMap":{"0":{"loc":{"start":{"line":27,"column":11},"end":{"line":27,"column":29}},"type":"binary-expr","locations":[{"start":{"line":27,"column":11},"end":{"line":27,"column":21}},{"start":{"line":27,"column":25},"end":{"line":27,"column":29}}]},"1":{"loc":{"start":{"line":35,"column":16},"end":{"line":35,"column":37}},"type":"binary-expr","locations":[{"start":{"line":35,"column":16},"end":{"line":35,"column":29}},{"start":{"line":35,"column":33},"end":{"line":35,"column":37}}]},"2":{"loc":{"start":{"line":35,"column":42},"end":{"line":35,"column":64}},"type":"binary-expr","locations":[{"start":{"line":35,"column":42},"end":{"line":35,"column":56}},{"start":{"line":35,"column":60},"end":{"line":35,"column":64}}]},"3":{"loc":{"start":{"line":36,"column":6},"end":{"line":36,"column":null}},"type":"binary-expr","locations":[{"start":{"line":36,"column":6},"end":{"line":36,"column":17}},{"start":{"line":36,"column":21},"end":{"line":36,"column":null}}]},"4":{"loc":{"start":{"line":46,"column":4},"end":{"line":46,"column":42}},"type":"if","locations":[{"start":{"line":46,"column":4},"end":{"line":46,"column":42}},{"start":{},"end":{}}]},"5":{"loc":{"start":{"line":51,"column":4},"end":{"line":51,"column":30}},"type":"if","locations":[{"start":{"line":51,"column":4},"end":{"line":51,"column":30}},{"start":{},"end":{}}]},"6":{"loc":{"start":{"line":58,"column":4},"end":{"line":58,"column":30}},"type":"if","locations":[{"start":{"line":58,"column":4},"end":{"line":58,"column":30}},{"start":{},"end":{}}]},"7":{"loc":{"start":{"line":61,"column":4},"end":{"line":63,"column":5}},"type":"if","locations":[{"start":{"line":61,"column":4},"end":{"line":63,"column":5}},{"start":{},"end":{}}]},"8":{"loc":{"start":{"line":67,"column":19},"end":{"line":67,"column":75}},"type":"cond-expr","locations":[{"start":{"line":67,"column":47},"end":{"line":67,"column":58}},{"start":{"line":67,"column":61},"end":{"line":67,"column":75}}]},"9":{"loc":{"start":{"line":68,"column":19},"end":{"line":68,"column":75}},"type":"cond-expr","locations":[{"start":{"line":68,"column":47},"end":{"line":68,"column":58}},{"start":{"line":68,"column":61},"end":{"line":68,"column":75}}]},"10":{"loc":{"start":{"line":71,"column":10},"end":{"line":71,"column":null}},"type":"cond-expr","locations":[{"start":{"line":71,"column":40},"end":{"line":71,"column":53}},{"start":{"line":71,"column":56},"end":{"line":71,"column":null}}]},"11":{"loc":{"start":{"line":74,"column":10},"end":{"line":74,"column":null}},"type":"cond-expr","locations":[{"start":{"line":74,"column":41},"end":{"line":74,"column":55}},{"start":{"line":74,"column":58},"end":{"line":74,"column":null}}]},"12":{"loc":{"start":{"line":76,"column":19},"end":{"line":76,"column":75}},"type":"cond-expr","locations":[{"start":{"line":76,"column":47},"end":{"line":76,"column":58}},{"start":{"line":76,"column":61},"end":{"line":76,"column":75}}]},"13":{"loc":{"start":{"line":77,"column":19},"end":{"line":77,"column":75}},"type":"cond-expr","locations":[{"start":{"line":77,"column":47},"end":{"line":77,"column":58}},{"start":{"line":77,"column":61},"end":{"line":77,"column":75}}]},"14":{"loc":{"start":{"line":105,"column":11},"end":{"line":105,"column":28}},"type":"binary-expr","locations":[{"start":{"line":105,"column":11},"end":{"line":105,"column":20}},{"start":{"line":105,"column":24},"end":{"line":105,"column":28}}]}},"s":{"0":1,"1":1,"2":3,"3":2,"4":5,"5":5,"6":2,"7":2,"8":2,"9":4,"10":4,"11":1,"12":3,"13":3,"14":1,"15":2,"16":2,"17":3,"18":3,"19":1,"20":2,"21":2,"22":1,"23":2,"24":2,"25":1,"26":1,"27":0,"28":0,"29":1},"f":{"0":3,"1":5,"2":2,"3":4,"4":3,"5":1,"6":0},"b":{"0":[5,2],"1":[2,1],"2":[2,1],"3":[2,1],"4":[1,3],"5":[1,2],"6":[1,2],"7":[1,1],"8":[1,1],"9":[0,2],"10":[0,2],"11":[0,2],"12":[0,2],"13":[0,2],"14":[0,0]}}
,"C:\\Users\\lopez\\OneDrive\\Escritorio\\proyecto\\API_VETASOFT\\vetasoft-bk\\src\\services\\vacunas.service.ts": {"path":"C:\\Users\\lopez\\OneDrive\\Escritorio\\proyecto\\API_VETASOFT\\vetasoft-bk\\src\\services\\vacunas.service.ts","statementMap":{"0":{"start":{"line":5,"column":0},"end":{"line":5,"column":35}},"1":{"start":{"line":9,"column":4},"end":{"line":25,"column":5}},"2":{"start":{"line":10,"column":6},"end":{"line":16,"column":8}},"3":{"start":{"line":18,"column":6},"end":{"line":24,"column":8}},"4":{"start":{"line":29,"column":20},"end":{"line":34,"column":6}},"5":{"start":{"line":35,"column":4},"end":{"line":35,"column":50}},"6":{"start":{"line":39,"column":19},"end":{"line":53,"column":6}},"7":{"start":{"line":54,"column":4},"end":{"line":54,"column":21}},"8":{"start":{"line":58,"column":19},"end":{"line":67,"column":6}},"9":{"start":{"line":68,"column":4},"end":{"line":68,"column":29}},"10":{"start":{"line":72,"column":19},"end":{"line":74,"column":6}},"11":{"start":{"line":75,"column":4},"end":{"line":75,"column":29}},"12":{"start":{"line":7,"column":0},"end":{"line":7,"column":13}}},"fnMap":{"0":{"name":"(anonymous_0)","decl":{"start":{"line":8,"column":2},"end":{"line":8,"column":8}},"loc":{"start":{"line":8,"column":48},"end":{"line":26,"column":3}}},"1":{"name":"(anonymous_1)","decl":{"start":{"line":28,"column":2},"end":{"line":28,"column":8}},"loc":{"start":{"line":28,"column":34},"end":{"line":36,"column":3}}},"2":{"name":"(anonymous_2)","decl":{"start":{"line":38,"column":2},"end":{"line":38,"column":8}},"loc":{"start":{"line":38,"column":31},"end":{"line":55,"column":3}}},"3":{"name":"(anonymous_3)","decl":{"start":{"line":57,"column":2},"end":{"line":57,"column":8}},"loc":{"start":{"line":57,"column":43},"end":{"line":69,"column":3}}},"4":{"name":"(anonymous_4)","decl":{"start":{"line":71,"column":2},"end":{"line":71,"column":8}},"loc":{"start":{"line":71,"column":32},"end":{"line":76,"column":3}}}},"branchMap":{"0":{"loc":{"start":{"line":9,"column":4},"end":{"line":25,"column":5}},"type":"if","locations":[{"start":{"line":9,"column":4},"end":{"line":25,"column":5}},{"start":{"line":17,"column":11},"end":{"line":25,"column":5}}]},"1":{"loc":{"start":{"line":35,"column":11},"end":{"line":35,"column":49}},"type":"cond-expr","locations":[{"start":{"line":35,"column":32},"end":{"line":35,"column":42}},{"start":{"line":35,"column":45},"end":{"line":35,"column":49}}]},"2":{"loc":{"start":{"line":45,"column":10},"end":{"line":45,"column":34}},"type":"binary-expr","locations":[{"start":{"line":45,"column":10},"end":{"line":45,"column":26}},{"start":{"line":45,"column":30},"end":{"line":45,"column":34}}]},"3":{"loc":{"start":{"line":68,"column":11},"end":{"line":68,"column":28}},"type":"binary-expr","locations":[{"start":{"line":68,"column":11},"end":{"line":68,"column":20}},{"start":{"line":68,"column":24},"end":{"line":68,"column":28}}]},"4":{"loc":{"start":{"line":75,"column":11},"end":{"line":75,"column":28}},"type":"binary-expr","locations":[{"start":{"line":75,"column":11},"end":{"line":75,"column":20}},{"start":{"line":75,"column":24},"end":{"line":75,"column":28}}]}},"s":{"0":0,"1":0,"2":0,"3":0,"4":0,"5":0,"6":0,"7":0,"8":0,"9":0,"10":0,"11":0,"12":0},"f":{"0":0,"1":0,"2":0,"3":0,"4":0},"b":{"0":[0,0],"1":[0,0],"2":[0,0],"3":[0,0],"4":[0,0]}}
,"C:\\Users\\lopez\\OneDrive\\Escritorio\\proyecto\\API_VETASOFT\\vetasoft-bk\\src\\services\\veterinarios.service.ts": {"path":"C:\\Users\\lopez\\OneDrive\\Escritorio\\proyecto\\API_VETASOFT\\vetasoft-bk\\src\\services\\veterinarios.service.ts","statementMap":{"0":{"start":{"line":5,"column":0},"end":{"line":5,"column":35}},"1":{"start":{"line":9,"column":25},"end":{"line":15,"column":6}},"2":{"start":{"line":16,"column":4},"end":{"line":16,"column":24}},"3":{"start":{"line":20,"column":25},"end":{"line":25,"column":6}},"4":{"start":{"line":26,"column":4},"end":{"line":26,"column":60}},"5":{"start":{"line":30,"column":19},"end":{"line":36,"column":6}},"6":{"start":{"line":37,"column":4},"end":{"line":37,"column":21}},"7":{"start":{"line":41,"column":19},"end":{"line":51,"column":6}},"8":{"start":{"line":52,"column":4},"end":{"line":52,"column":29}},"9":{"start":{"line":56,"column":19},"end":{"line":58,"column":6}},"10":{"start":{"line":59,"column":4},"end":{"line":59,"column":29}},"11":{"start":{"line":7,"column":0},"end":{"line":7,"column":13}}},"fnMap":{"0":{"name":"(anonymous_0)","decl":{"start":{"line":8,"column":2},"end":{"line":8,"column":8}},"loc":{"start":{"line":8,"column":22},"end":{"line":17,"column":3}}},"1":{"name":"(anonymous_1)","decl":{"start":{"line":19,"column":2},"end":{"line":19,"column":8}},"loc":{"start":{"line":19,"column":34},"end":{"line":27,"column":3}}},"2":{"name":"(anonymous_2)","decl":{"start":{"line":29,"column":2},"end":{"line":29,"column":8}},"loc":{"start":{"line":29,"column":31},"end":{"line":38,"column":3}}},"3":{"name":"(anonymous_3)","decl":{"start":{"line":40,"column":2},"end":{"line":40,"column":8}},"loc":{"start":{"line":40,"column":43},"end":{"line":53,"column":3}}},"4":{"name":"(anonymous_4)","decl":{"start":{"line":55,"column":2},"end":{"line":55,"column":8}},"loc":{"start":{"line":55,"column":32},"end":{"line":60,"column":3}}}},"branchMap":{"0":{"loc":{"start":{"line":26,"column":11},"end":{"line":26,"column":59}},"type":"cond-expr","locations":[{"start":{"line":26,"column":37},"end":{"line":26,"column":52}},{"start":{"line":26,"column":55},"end":{"line":26,"column":59}}]},"1":{"loc":{"start":{"line":32,"column":36},"end":{"line":32,"column":64}},"type":"binary-expr","locations":[{"start":{"line":32,"column":36},"end":{"line":32,"column":56}},{"start":{"line":32,"column":60},"end":{"line":32,"column":64}}]},"2":{"loc":{"start":{"line":33,"column":6},"end":{"line":33,"column":null}},"type":"binary-expr","locations":[{"start":{"line":33,"column":6},"end":{"line":33,"column":23}},{"start":{"line":33,"column":27},"end":{"line":33,"column":null}}]},"3":{"loc":{"start":{"line":34,"column":9},"end":{"line":34,"column":40}},"type":"binary-expr","locations":[{"start":{"line":34,"column":9},"end":{"line":34,"column":32}},{"start":{"line":34,"column":36},"end":{"line":34,"column":40}}]},"4":{"loc":{"start":{"line":34,"column":45},"end":{"line":34,"column":72}},"type":"binary-expr","locations":[{"start":{"line":34,"column":45},"end":{"line":34,"column":64}},{"start":{"line":34,"column":68},"end":{"line":34,"column":72}}]},"5":{"loc":{"start":{"line":34,"column":77},"end":{"line":34,"column":101}},"type":"binary-expr","locations":[{"start":{"line":34,"column":77},"end":{"line":34,"column":93}},{"start":{"line":34,"column":97},"end":{"line":34,"column":101}}]},"6":{"loc":{"start":{"line":52,"column":11},"end":{"line":52,"column":28}},"type":"binary-expr","locations":[{"start":{"line":52,"column":11},"end":{"line":52,"column":20}},{"start":{"line":52,"column":24},"end":{"line":52,"column":28}}]},"7":{"loc":{"start":{"line":59,"column":11},"end":{"line":59,"column":28}},"type":"binary-expr","locations":[{"start":{"line":59,"column":11},"end":{"line":59,"column":20}},{"start":{"line":59,"column":24},"end":{"line":59,"column":28}}]}},"s":{"0":0,"1":0,"2":0,"3":0,"4":0,"5":0,"6":0,"7":0,"8":0,"9":0,"10":0,"11":0},"f":{"0":0,"1":0,"2":0,"3":0,"4":0},"b":{"0":[0,0],"1":[0,0],"2":[0,0],"3":[0,0],"4":[0,0],"5":[0,0],"6":[0,0],"7":[0,0]}}
,"C:\\Users\\lopez\\OneDrive\\Escritorio\\proyecto\\API_VETASOFT\\vetasoft-bk\\src\\utils\\cronjob.ts": {"path":"C:\\Users\\lopez\\OneDrive\\Escritorio\\proyecto\\API_VETASOFT\\vetasoft-bk\\src\\utils\\cronjob.ts","statementMap":{"0":{"start":{"line":1,"column":0},"end":{"line":1,"column":29}},"1":{"start":{"line":2,"column":0},"end":{"line":2,"column":57}},"2":{"start":{"line":3,"column":0},"end":{"line":3,"column":75}},"3":{"start":{"line":4,"column":0},"end":{"line":4,"column":63}},"4":{"start":{"line":10,"column":37},"end":{"line":67,"column":1}},"5":{"start":{"line":11,"column":4},"end":{"line":11,"column":55}},"6":{"start":{"line":14,"column":18},"end":{"line":14,"column":53}},"7":{"start":{"line":16,"column":4},"end":{"line":19,"column":5}},"8":{"start":{"line":17,"column":8},"end":{"line":17,"column":52}},"9":{"start":{"line":18,"column":8},"end":{"line":18,"column":75}},"10":{"start":{"line":21,"column":4},"end":{"line":21,"column":69}},"11":{"start":{"line":22,"column":32},"end":{"line":22,"column":33}},"12":{"start":{"line":25,"column":4},"end":{"line":60,"column":5}},"13":{"start":{"line":26,"column":22},"end":{"line":26,"column":115}},"14":{"start":{"line":30,"column":31},"end":{"line":30,"column":87}},"15":{"start":{"line":32,"column":8},"end":{"line":44,"column":9}},"16":{"start":{"line":33,"column":35},"end":{"line":33,"column":139}},"17":{"start":{"line":34,"column":12},"end":{"line":39,"column":15}},"18":{"start":{"line":40,"column":12},"end":{"line":40,"column":133}},"19":{"start":{"line":41,"column":12},"end":{"line":41,"column":36}},"20":{"start":{"line":43,"column":12},"end":{"line":43,"column":150}},"21":{"start":{"line":47,"column":27},"end":{"line":47,"column":86}},"22":{"start":{"line":49,"column":8},"end":{"line":59,"column":9}},"23":{"start":{"line":50,"column":31},"end":{"line":50,"column":161}},"24":{"start":{"line":51,"column":12},"end":{"line":56,"column":15}},"25":{"start":{"line":57,"column":12},"end":{"line":57,"column":129}},"26":{"start":{"line":58,"column":12},"end":{"line":58,"column":36}},"27":{"start":{"line":62,"column":4},"end":{"line":66,"column":6}},"28":{"start":{"line":10,"column":13},"end":{"line":10,"column":37}},"29":{"start":{"line":74,"column":29},"end":{"line":84,"column":1}},"30":{"start":{"line":75,"column":4},"end":{"line":81,"column":7}},"31":{"start":{"line":76,"column":8},"end":{"line":80,"column":9}},"32":{"start":{"line":77,"column":12},"end":{"line":77,"column":42}},"33":{"start":{"line":79,"column":12},"end":{"line":79,"column":60}},"34":{"start":{"line":83,"column":4},"end":{"line":83,"column":85}},"35":{"start":{"line":74,"column":13},"end":{"line":74,"column":29}}},"fnMap":{"0":{"name":"(anonymous_1)","decl":{"start":{"line":10,"column":37},"end":{"line":10,"column":42}},"loc":{"start":{"line":10,"column":48},"end":{"line":67,"column":1}}},"1":{"name":"(anonymous_2)","decl":{"start":{"line":74,"column":29},"end":{"line":74,"column":32}},"loc":{"start":{"line":74,"column":34},"end":{"line":84,"column":1}}},"2":{"name":"(anonymous_3)","decl":{"start":{"line":75,"column":31},"end":{"line":75,"column":36}},"loc":{"start":{"line":75,"column":42},"end":{"line":81,"column":5}}}},"branchMap":{"0":{"loc":{"start":{"line":16,"column":4},"end":{"line":19,"column":5}},"type":"if","locations":[{"start":{"line":16,"column":4},"end":{"line":19,"column":5}},{"start":{},"end":{}}]},"1":{"loc":{"start":{"line":32,"column":8},"end":{"line":44,"column":9}},"type":"if","locations":[{"start":{"line":32,"column":8},"end":{"line":44,"column":9}},{"start":{"line":42,"column":15},"end":{"line":44,"column":9}}]},"2":{"loc":{"start":{"line":49,"column":8},"end":{"line":59,"column":9}},"type":"if","locations":[{"start":{"line":49,"column":8},"end":{"line":59,"column":9}},{"start":{},"end":{}}]}},"s":{"0":0,"1":0,"2":0,"3":0,"4":0,"5":0,"6":0,"7":0,"8":0,"9":0,"10":0,"11":0,"12":0,"13":0,"14":0,"15":0,"16":0,"17":0,"18":0,"19":0,"20":0,"21":0,"22":0,"23":0,"24":0,"25":0,"26":0,"27":0,"28":0,"29":0,"30":0,"31":0,"32":0,"33":0,"34":0,"35":0},"f":{"0":0,"1":0,"2":0},"b":{"0":[0,0],"1":[0,0],"2":[0,0]}}
,"C:\\Users\\lopez\\OneDrive\\Escritorio\\proyecto\\API_VETASOFT\\vetasoft-bk\\src\\utils\\jwt.util.ts": {"path":"C:\\Users\\lopez\\OneDrive\\Escritorio\\proyecto\\API_VETASOFT\\vetasoft-bk\\src\\utils\\jwt.util.ts","statementMap":{"0":{"start":{"line":5,"column":0},"end":{"line":5,"column":48}},"1":{"start":{"line":8,"column":2},"end":{"line":8,"column":65}},"2":{"start":{"line":9,"column":24},"end":{"line":9,"column":58}},"3":{"start":{"line":20,"column":4},"end":{"line":20,"column":72}},"4":{"start":{"line":24,"column":4},"end":{"line":28,"column":5}},"5":{"start":{"line":25,"column":6},"end":{"line":25,"column":57}},"6":{"start":{"line":27,"column":6},"end":{"line":27,"column":18}},"7":{"start":{"line":18,"column":0},"end":{"line":18,"column":13}}},"fnMap":{"0":{"name":"(anonymous_1)","decl":{"start":{"line":19,"column":2},"end":{"line":19,"column":8}},"loc":{"start":{"line":19,"column":42},"end":{"line":21,"column":3}}},"1":{"name":"(anonymous_2)","decl":{"start":{"line":23,"column":2},"end":{"line":23,"column":8}},"loc":{"start":{"line":23,"column":34},"end":{"line":29,"column":3}}}},"branchMap":{"0":{"loc":{"start":{"line":8,"column":2},"end":{"line":8,"column":65}},"type":"binary-expr","locations":[{"start":{"line":8,"column":2},"end":{"line":8,"column":24}},{"start":{"line":8,"column":28},"end":{"line":8,"column":65}}]},"1":{"loc":{"start":{"line":9,"column":24},"end":{"line":9,"column":58}},"type":"binary-expr","locations":[{"start":{"line":9,"column":24},"end":{"line":9,"column":50}},{"start":{"line":9,"column":54},"end":{"line":9,"column":58}}]}},"s":{"0":0,"1":0,"2":0,"3":0,"4":0,"5":0,"6":0,"7":0},"f":{"0":0,"1":0},"b":{"0":[0,0],"1":[0,0]}}
,"C:\\Users\\lopez\\OneDrive\\Escritorio\\proyecto\\API_VETASOFT\\vetasoft-bk\\src\\utils\\password.util.ts": {"path":"C:\\Users\\lopez\\OneDrive\\Escritorio\\proyecto\\API_VETASOFT\\vetasoft-bk\\src\\utils\\password.util.ts","statementMap":{"0":{"start":{"line":5,"column":0},"end":{"line":5,"column":30}},"1":{"start":{"line":7,"column":20},"end":{"line":7,"column":22}},"2":{"start":{"line":11,"column":4},"end":{"line":11,"column":46}},"3":{"start":{"line":15,"column":4},"end":{"line":15,"column":42}},"4":{"start":{"line":9,"column":0},"end":{"line":9,"column":13}}},"fnMap":{"0":{"name":"(anonymous_1)","decl":{"start":{"line":10,"column":2},"end":{"line":10,"column":8}},"loc":{"start":{"line":10,"column":36},"end":{"line":12,"column":3}}},"1":{"name":"(anonymous_2)","decl":{"start":{"line":14,"column":2},"end":{"line":14,"column":8}},"loc":{"start":{"line":14,"column":52},"end":{"line":16,"column":3}}}},"branchMap":{},"s":{"0":2,"1":2,"2":12,"3":8,"4":2},"f":{"0":12,"1":8},"b":{}}
}
